# NEW LOG
# format=1.1.1jp
$BMRDD,102,2012-03-29T07:10:34Z,74,4,74,V,3738.3292,N,14057.3248,E,90.9,A,0.0,0*7F
$BMRDD,102,2012-03-29T07:10:39Z,75,7,81,A,3738.3292,N,14057.3248,E,56.8,A,10.6,1*50
$BMRDD,102,2012-03-29T07:10:44Z,72,5,86,A,3738.3292,N,14057.3248,E,56.9,A,10.7,1*58
$BMRDD,102,2012-03-29T07:10:49Z,74,4,90,A,3738.3292,N,14057.3248,E,55.0,A,10.7,1*5F
$BMRDD,102,2012-03-29T07:10:54Z,67,2,92,A,3738.3292,N,14057.3248,E,55.3,A,10.8,1*59
$BMRDD,102,2012-03-29T07:10:59Z,68,7,99,A,3738.2746,N,14057.3248,E,75.6,A,2.1,1*65
$BMRDD,102,2012-03-29T07:11:04Z,69,7,106,A,3738.2746,N,14057.3248,E,62.8,A,2.1,1*52
$BMRDD,102,2012-03-29T07:11:09Z,63,2,108,A,3738.2746,N,14057.3248,E,61.4,A,1.2,1*51
$BMRDD,102,2012-03-29T07:11:14Z,62,5,113,A,3738.2746,N,14057.3248,E,59.9,A,1.2,1*57
$BMRDD,102,2012-03-29T07:11:19Z,65,9,122,A,3738.2746,N,14057.3248,E,59.5,A,1.2,1*5F
$BMRDD,102,2012-03-29T07:11:24Z,62,4,126,A,3738.2746,N,14057.3248,E,59.8,A,1.2,1*52
$BMRDD,102,2012-03-29T07:11:29Z,59,3,129,A,3738.2746,N,14057.3248,E,59.8,A,1.2,1*5F
$BMRDD,102,2012-03-29T07:11:34Z,56,1,130,A,3738.2746,N,14057.3248,E,59.6,A,1.2,1*58
$BMRDD,102,2012-03-29T07:11:39Z,58,9,139,A,3738.2746,N,14057.3248,E,59.0,A,1.2,1*5C
$BMRDD,102,2012-03-29T07:11:44Z,60,7,146,A,3738.2746,N,14057.3248,E,57.6,A,1.2,1*53
$BMRDD,102,2012-03-29T07:11:49Z,61,5,151,A,3738.2746,N,14057.3248,E,55.5,A,1.2,1*5A
$BMRDD,102,2012-03-29T07:11:54Z,64,5,156,A,3738.2746,N,14057.3248,E,53.2,A,1.2,1*55
$BMRDD,102,2012-03-29T07:11:59Z,60,3,159,A,3738.2746,N,14057.3248,E,51.8,A,1.2,1*5D
$BMRDD,102,2012-03-29T07:12:04Z,58,5,164,A,3738.2746,N,14057.3248,E,50.8,A,1.2,1*54
$BMRDD,102,2012-03-29T07:12:09Z,63,7,171,A,3738.2746,N,14057.3248,E,49.6,A,1.1,1*52
$BMRDD,102,2012-03-29T07:12:14Z,62,4,175,A,3738.2746,N,14057.3248,E,49.2,A,1.1,1*5C
$BMRDD,102,2012-03-29T07:12:19Z,63,10,185,A,3738.2746,N,14057.3248,E,48.4,A,1.1,1*6D
$BMRDD,102,2012-03-29T07:12:24Z,65,6,191,A,3738.2746,N,14057.3248,E,48.3,A,1.1,1*50
$BMRDD,102,2012-03-29T07:12:29Z,70,8,199,A,3738.2746,N,14057.3248,E,49.3,A,1.1,1*5E
$BMRDD,102,2012-03-29T07:12:34Z,78,9,208,A,3738.2746,N,14057.3248,E,48.1,A,1.1,1*53
$BMRDD,102,2012-03-29T07:12:39Z,74,5,213,A,3738.2746,N,14057.3248,E,46.2,A,1.1,1*59
$BMRDD,102,2012-03-29T07:12:44Z,69,2,215,A,3738.2746,N,14057.3248,E,46.4,A,1.1,1*58
$BMRDD,102,2012-03-29T07:12:49Z,69,5,220,A,3738.2746,N,14057.3248,E,48.8,A,1.1,1*56
$BMRDD,102,2012-03-29T07:12:54Z,69,5,225,A,3738.2746,N,14057.3248,E,50.4,A,1.1,1*5A
$BMRDD,102,2012-03-29T07:12:59Z,76,10,235,A,3738.2746,N,14057.3248,E,50.8,A,1.1,1*60
$BMRDD,102,2012-03-29T07:13:04Z,76,5,240,A,3738.2746,N,14057.3248,E,50.8,A,1.1,1*5F
$BMRDD,102,2012-03-29T07:13:09Z,77,8,248,A,3738.2746,N,14057.3248,E,49.7,A,1.1,1*51
$BMRDD,102,2012-03-29T07:13:14Z,76,3,251,A,3738.2746,N,14057.3248,E,49.1,A,1.1,1*59
$BMRDD,102,2012-03-29T07:13:19Z,69,3,254,A,3738.2746,N,14057.3248,E,47.9,A,1.1,1*59
$BMRDD,102,2012-03-29T07:13:24Z,66,3,257,A,3738.2746,N,14057.3248,E,47.6,A,1.1,1*54
$BMRDD,102,2012-03-29T07:13:29Z,62,4,261,A,3738.2746,N,14057.3248,E,47.4,A,1.1,1*5D
$BMRDD,102,2012-03-29T07:13:34Z,59,6,267,A,3738.2746,N,14057.3248,E,46.3,A,1.1,1*5B
$BMRDD,102,2012-03-29T07:13:39Z,58,4,271,A,3738.2746,N,14057.3248,E,44.5,A,1.1,1*56
$BMRDD,102,2012-03-29T07:13:44Z,58,2,273,A,3738.2746,N,14057.3248,E,43.7,A,1.1,1*5D
$BMRDD,102,2012-03-29T07:13:49Z,57,4,277,A,3738.2746,N,14057.3248,E,43.9,A,1.1,1*53
$BMRDD,102,2012-03-29T07:13:54Z,57,5,282,A,3738.2746,N,14057.3248,E,44.9,A,1.1,1*53
$BMRDD,102,2012-03-29T07:13:59Z,52,5,287,A,3738.2746,N,14057.3248,E,45.3,A,1.1,1*55
$BMRDD,102,2012-03-29T07:14:04Z,58,11,298,A,3738.2746,N,14057.3248,E,44.9,A,1.1,1*60
$BMRDD,102,2012-03-29T07:14:09Z,55,5,303,A,3738.2746,N,14057.3248,E,44.5,A,2.1,1*59
$BMRDD,102,2012-03-29T07:14:14Z,55,3,306,A,3738.2746,N,14057.3248,E,44.0,A,2.2,1*50
$BMRDD,102,2012-03-29T07:14:19Z,54,2,308,A,3738.2746,N,14057.3248,E,43.6,A,2.2,1*52
$BMRDD,102,2012-03-29T07:14:24Z,60,9,317,A,3738.2746,N,14057.3248,E,43.1,A,2.2,1*59
$BMRDD,102,2012-03-29T07:14:29Z,60,4,321,A,3738.2746,N,14057.3248,E,42.8,A,2.2,1*54
$BMRDD,102,2012-03-29T07:14:34Z,60,6,327,A,3738.2746,N,14057.3248,E,42.4,A,2.2,1*50
$BMRDD,102,2012-03-29T07:14:39Z,66,10,337,A,3738.2746,N,14057.3248,E,42.0,A,1.0,1*68
$BMRDD,102,2012-03-29T07:14:44Z,65,1,338,A,3738.2746,N,14057.3248,E,41.8,A,1.0,1*55
$BMRDD,102,2012-03-29T07:14:49Z,61,0,338,A,3738.2746,N,14057.3248,E,41.9,A,1.0,1*5C
$BMRDD,102,2012-03-29T07:14:54Z,60,4,342,A,3738.2746,N,14057.3248,E,42.4,A,1.0,1*56
$BMRDD,102,2012-03-29T07:14:59Z,58,3,345,A,3738.2746,N,14057.3248,E,42.3,A,1.0,1*57
$BMRDD,102,2012-03-29T07:15:04Z,51,4,349,A,3738.2746,N,14057.3248,E,42.7,A,1.0,1*58
$BMRDD,102,2012-03-29T07:15:09Z,51,5,354,A,3738.2746,N,14057.3248,E,42.4,A,1.0,1*5B
$BMRDD,102,2012-03-29T07:15:14Z,59,11,365,A,3738.2746,N,14057.3248,E,42.8,A,1.1,1*65
$BMRDD,102,2012-03-29T07:15:19Z,64,7,372,A,3738.2746,N,14057.3248,E,42.9,A,1.0,1*57
$BMRDD,102,2012-03-29T07:15:24Z,56,1,373,A,3738.2746,N,14057.3248,E,42.3,A,1.0,1*55
$BMRDD,102,2012-03-29T07:15:29Z,53,1,374,A,3738.2746,N,14057.3248,E,41.8,A,1.0,1*52
$BMRDD,102,2012-03-29T07:15:34Z,49,2,376,A,3738.2746,N,14057.3248,E,41.2,A,1.0,1*5E
$BMRDD,102,2012-03-29T07:15:39Z,41,2,378,A,3738.2746,N,14057.3248,E,40.5,A,1.0,1*53
$BMRDD,102,2012-03-29T07:15:44Z,49,9,387,A,3738.2746,N,14057.3248,E,39.4,A,1.0,1*55
$BMRDD,102,2012-03-29T07:15:49Z,56,7,394,A,3738.2746,N,14057.3248,E,38.7,A,1.0,1*58
$BMRDD,102,2012-03-29T07:15:54Z,57,5,399,A,3738.2746,N,14057.3248,E,37.2,A,1.0,1*50
$BMRDD,102,2012-03-29T07:15:59Z,61,7,406,A,3738.2746,N,14057.3248,E,37.7,A,1.4,1*5A
$BMRDD,102,2012-03-29T07:16:04Z,60,3,409,A,3738.2746,N,14057.3248,E,38.5,A,1.4,1*56
$BMRDD,102,2012-03-29T07:16:09Z,59,4,413,A,3738.2746,N,14057.3248,E,39.0,A,1.0,1*5D
$BMRDD,102,2012-03-29T07:16:14Z,54,6,419,A,3738.2746,N,14057.3248,E,39.5,A,1.0,1*51
$BMRDD,102,2012-03-29T07:16:19Z,54,7,426,A,3738.2746,N,14057.3248,E,38.9,A,1.0,1*5C
$BMRDD,102,2012-03-29T07:16:24Z,57,4,430,A,3738.2746,N,14057.3248,E,38.2,A,1.0,1*5E
$BMRDD,102,2012-03-29T07:16:29Z,62,6,436,A,3738.2746,N,14057.3248,E,38.2,A,1.0,1*51
$BMRDD,102,2012-03-29T07:16:34Z,65,5,441,A,3738.2746,N,14057.3248,E,37.9,A,0.9,1*55
$BMRDD,102,2012-03-29T07:16:39Z,72,9,450,A,3738.2746,N,14057.3248,E,38.0,A,0.9,1*54
$BMRDD,102,2012-03-29T07:16:44Z,69,6,456,A,3738.2746,N,14057.3248,E,36.9,A,0.9,1*5A
$BMRDD,102,2012-03-29T07:16:49Z,65,3,459,A,3738.2746,N,14057.3248,E,35.7,A,0.9,1*5C
$BMRDD,102,2012-03-29T07:16:54Z,64,4,463,A,3738.2746,N,14057.3248,E,35.9,A,0.9,1*51
$BMRDD,102,2012-03-29T07:16:59Z,66,9,472,A,3738.2746,N,14057.3248,E,36.0,A,0.9,1*59
$BMRDD,102,2012-03-29T07:17:04Z,68,5,477,A,3738.2746,N,14057.3248,E,35.7,A,0.9,1*53
$BMRDD,102,2012-03-29T07:17:09Z,74,10,487,A,3738.2746,N,14057.3248,E,35.2,A,1.4,1*61
$BMRDD,102,2012-03-29T07:17:14Z,75,7,494,A,3738.2746,N,14057.3248,E,34.1,A,1.4,1*5A
$BMRDD,102,2012-03-29T07:17:19Z,74,6,500,A,3738.2746,N,14057.3248,E,33.0,A,0.9,1*51
$BMRDD,102,2012-03-29T07:17:24Z,74,4,504,A,3738.2746,N,14057.3248,E,32.7,A,0.9,1*5F
$BMRDD,102,2012-03-29T07:17:29Z,73,5,509,A,3738.2746,N,14057.3248,E,31.9,A,0.9,1*54
$BMRDD,102,2012-03-29T07:17:34Z,74,6,515,A,3738.2746,N,14057.3248,E,30.4,A,0.9,1*5D
$BMRDD,102,2012-03-29T07:17:39Z,74,9,524,A,3738.2746,N,14057.3248,E,28.9,A,1.0,1*51
$BMRDD,102,2012-03-29T07:17:44Z,76,8,532,A,3738.2746,N,14057.3248,E,28.0,A,0.9,1*5E
$BMRDD,102,2012-03-29T07:17:49Z,76,3,535,A,3738.2746,N,14057.3248,E,28.1,A,0.9,1*5E
$BMRDD,102,2012-03-29T07:17:54Z,77,5,540,A,3738.2746,N,14057.3248,E,28.1,A,0.9,1*57
$BMRDD,102,2012-03-29T07:17:59Z,72,4,544,A,3738.2746,N,14057.3248,E,28.4,A,0.9,1*5F
$BMRDD,102,2012-03-29T07:18:04Z,77,10,554,A,3738.2746,N,14057.3248,E,28.8,A,0.9,1*65
$BMRDD,102,2012-03-29T07:18:09Z,72,5,559,A,3738.2746,N,14057.3248,E,29.0,A,1.0,1*55
$BMRDD,102,2012-03-29T07:18:14Z,68,3,562,A,3738.2746,N,14057.3248,E,29.6,A,1.0,1*5A
$BMRDD,102,2012-03-29T07:18:19Z,68,6,568,A,3738.2746,N,14057.3248,E,30.5,A,1.0,1*53
$BMRDD,102,2012-03-29T07:18:24Z,72,8,576,A,3738.2746,N,14057.3248,E,31.2,A,1.1,1*50
$BMRDD,102,2012-03-29T07:18:29Z,70,3,579,A,3738.2746,N,14057.3248,E,31.4,A,0.9,1*54
$BMRDD,102,2012-03-29T07:18:34Z,71,7,586,A,3738.2746,N,14057.3248,E,31.3,A,0.9,1*5A
$BMRDD,102,2012-03-29T07:18:39Z,72,10,596,A,3738.2746,N,14057.3248,E,31.3,A,0.9,1*63
$BMRDD,102,2012-03-29T07:18:44Z,72,8,604,A,3738.2746,N,14057.3248,E,31.0,A,0.9,1*5B
$BMRDD,102,2012-03-29T07:18:49Z,74,5,609,A,3738.2746,N,14057.3248,E,30.7,A,0.9,1*56
$BMRDD,102,2012-03-29T07:18:54Z,71,2,611,A,3738.2746,N,14057.3248,E,30.4,A,0.9,1*52
$BMRDD,102,2012-03-29T07:18:59Z,71,4,615,A,3738.2746,N,14057.3248,E,29.9,A,0.9,1*58
$BMRDD,102,2012-03-29T07:19:04Z,67,6,621,A,3738.2746,N,14057.3248,E,29.6,A,0.9,1*5C
$BMRDD,102,2012-03-29T07:19:09Z,66,4,625,A,3738.2746,N,14057.3248,E,29.7,A,0.9,1*57
$BMRDD,102,2012-03-29T07:19:14Z,72,9,634,A,3738.2746,N,14057.3248,E,29.0,A,0.9,1*54
$BMRDD,102,2012-03-29T07:19:19Z,69,3,637,A,3738.2746,N,14057.3248,E,29.0,A,0.9,1*5A
$BMRDD,102,2012-03-29T07:19:24Z,70,9,646,A,3738.2746,N,14057.3248,E,29.2,A,0.9,1*52
$BMRDD,102,2012-03-29T07:19:29Z,73,6,652,A,3738.2746,N,14057.3248,E,29.4,A,0.9,1*50
$BMRDD,102,2012-03-29T07:19:34Z,72,6,658,A,3738.2746,N,14057.3248,E,29.5,A,0.9,1*56
$BMRDD,102,2012-03-29T07:19:39Z,71,9,667,A,3738.2746,N,14057.3248,E,29.3,A,0.9,1*5D
$BMRDD,102,2012-03-29T07:19:44Z,67,4,671,A,3738.2746,N,14057.3248,E,29.2,A,0.9,1*5B
$BMRDD,102,2012-03-29T07:19:49Z,69,7,678,A,3738.2746,N,14057.3248,E,29.1,A,0.9,1*51
$BMRDD,102,2012-03-29T07:19:54Z,69,2,680,A,3738.2746,N,14057.3248,E,29.0,A,0.9,1*5E
$BMRDD,102,2012-03-29T07:19:59Z,67,2,682,A,3738.2746,N,14057.3248,E,28.4,A,0.9,1*5A
$BMRDD,102,2012-03-29T07:20:04Z,65,4,686,A,3738.2746,N,14057.3248,E,27.7,A,0.9,1*54
$BMRDD,102,2012-03-29T07:20:09Z,71,10,696,A,3738.2746,N,14057.3248,E,26.7,A,1.0,1*61
$BMRDD,102,2012-03-29T07:20:14Z,67,5,701,A,3738.2746,N,14057.3248,E,26.1,A,1.0,1*57
$BMRDD,102,2012-03-29T07:20:19Z,67,3,704,A,3738.2746,N,14057.3248,E,25.5,A,0.9,1*56
$BMRDD,102,2012-03-29T07:20:24Z,60,2,706,A,3738.2746,N,14057.3248,E,24.3,A,0.9,1*5B
$BMRDD,102,2012-03-29T07:20:29Z,57,3,709,A,3738.2746,N,14057.3248,E,23.2,A,0.9,1*5A
$BMRDD,102,2012-03-29T07:20:34Z,58,7,716,A,3738.2746,N,14057.3248,E,22.6,A,0.9,1*56
$BMRDD,102,2012-03-29T07:20:39Z,50,1,717,A,3738.2746,N,14057.3248,E,21.8,A,1.0,1*51
$BMRDD,102,2012-03-29T07:20:44Z,53,7,724,A,3738.2746,N,14057.3248,E,21.2,A,0.9,1*5C
$BMRDD,102,2012-03-29T07:20:49Z,50,4,728,A,3738.2746,N,14057.3248,E,20.8,A,1.0,1*5E
$BMRDD,102,2012-03-29T07:20:54Z,54,6,734,A,3738.2746,N,14057.3248,E,20.7,A,0.9,1*5E
$BMRDD,102,2012-03-29T07:20:59Z,57,5,739,A,3738.2746,N,14057.3248,E,20.7,A,0.9,1*5E
$BMRDD,102,2012-03-29T07:21:04Z,63,10,749,A,3738.2746,N,14057.3248,E,20.5,A,0.9,1*61
$BMRDD,102,2012-03-29T07:21:09Z,58,5,754,A,3738.2746,N,14057.3248,E,20.3,A,0.9,1*5A
$BMRDD,102,2012-03-29T07:21:14Z,55,2,756,A,3738.2746,N,14057.3248,E,20.4,A,0.9,1*59
$BMRDD,102,2012-03-29T07:21:19Z,62,10,766,A,3738.2746,N,14057.3248,E,20.4,A,0.9,1*60
$BMRDD,102,2012-03-29T07:21:24Z,67,7,773,A,3738.2746,N,14057.3248,E,20.5,A,0.9,1*58
$BMRDD,102,2012-03-29T07:21:29Z,68,4,777,A,3738.2746,N,14057.3248,E,21.2,A,0.9,1*5B
$BMRDD,102,2012-03-29T07:21:34Z,70,9,786,A,3738.2746,N,14057.3248,E,21.3,A,0.9,1*5C
$BMRDD,102,2012-03-29T07:21:39Z,72,3,789,A,3738.2746,N,14057.3248,E,21.3,A,0.9,1*56
$BMRDD,102,2012-03-29T07:21:44Z,71,6,795,A,3738.2746,N,14057.3248,E,21.4,A,1.0,1*58
$BMRDD,102,2012-03-29T07:21:49Z,70,3,798,A,3738.2746,N,14057.3248,E,21.5,A,0.9,1*55
$BMRDD,102,2012-03-29T07:21:54Z,69,5,803,A,3738.2746,N,14057.3248,E,21.6,A,0.9,1*59
$BMRDD,102,2012-03-29T07:21:59Z,65,1,804,A,3738.2746,N,14057.3248,E,21.9,A,0.9,1*54
$BMRDD,102,2012-03-29T07:22:04Z,60,5,809,A,3738.2746,N,14057.3248,E,22.3,A,0.9,1*5A
$BMRDD,102,2012-03-29T07:22:09Z,60,5,814,A,3738.2746,N,14057.3248,E,22.4,A,0.9,1*5C
$BMRDD,102,2012-03-29T07:22:14Z,67,9,823,A,3738.2746,N,14057.3248,E,22.7,A,0.9,1*5C
$BMRDD,102,2012-03-29T07:22:19Z,62,5,828,A,3738.2746,N,14057.3248,E,22.7,A,1.0,1*5B
$BMRDD,102,2012-03-29T07:22:24Z,67,12,840,A,3738.2746,N,14057.3248,E,23.1,A,0.9,1*67
$BMRDD,102,2012-03-29T07:22:29Z,73,10,850,A,3738.2746,N,14057.3248,E,23.3,A,0.9,1*6E
$BMRDD,102,2012-03-29T07:22:34Z,72,8,858,A,3738.2746,N,14057.3248,E,23.6,A,0.9,1*57
$BMRDD,102,2012-03-29T07:22:39Z,70,1,859,A,3738.2746,N,14057.3248,E,23.9,A,0.9,1*5F
$BMRDD,102,2012-03-29T07:22:44Z,76,12,871,A,3738.2746,N,14057.3248,E,24.1,A,0.9,1*64
$BMRDD,102,2012-03-29T07:22:49Z,78,5,876,A,3738.2746,N,14057.3248,E,24.1,A,0.9,1*56
$BMRDD,102,2012-03-29T07:22:54Z,75,2,878,A,3738.2746,N,14057.3248,E,24.2,A,0.9,1*5D
$BMRDD,102,2012-03-29T07:22:59Z,85,11,889,A,3738.2746,N,14057.3248,E,24.2,A,0.9,1*63
$BMRDD,102,2012-03-29T07:23:04Z,86,6,895,A,3738.2746,N,14057.3248,E,24.1,A,1.0,1*59
$BMRDD,102,2012-03-29T07:23:09Z,88,7,902,A,3738.2746,N,14057.3248,E,23.8,A,1.0,1*5A
$BMRDD,102,2012-03-29T07:23:14Z,83,4,906,A,3738.2746,N,14057.3248,E,23.5,A,0.9,1*5F
$BMRDD,102,2012-03-29T07:23:19Z,83,5,911,A,3738.2746,N,14057.3248,E,23.5,A,1.0,1*5D
$BMRDD,102,2012-03-29T07:23:24Z,77,6,917,A,3738.2746,N,14057.3248,E,23.5,A,1.0,1*5D
$BMRDD,102,2012-03-29T07:23:29Z,72,5,922,A,3738.2746,N,14057.3248,E,23.6,A,0.9,1*5B
$BMRDD,102,2012-03-29T07:23:34Z,67,3,925,A,3738.2746,N,14057.3248,E,23.9,A,0.9,1*5D
$BMRDD,102,2012-03-29T07:23:39Z,75,9,934,A,3738.2746,N,14057.3248,E,24.2,A,0.9,1*55
$BMRDD,102,2012-03-29T07:23:44Z,73,10,944,A,3738.2746,N,14057.3248,E,24.5,A,0.9,1*61
$BMRDD,102,2012-03-29T07:23:49Z,72,4,948,A,3738.2746,N,14057.3248,E,24.6,A,0.9,1*57
$BMRDD,102,2012-03-29T07:23:54Z,78,8,956,A,3738.2746,N,14057.3248,E,24.6,A,0.9,1*52
$BMRDD,102,2012-03-29T07:23:59Z,69,2,958,A,3738.2746,N,14057.3248,E,24.9,A,1.0,1*5C
$BMRDD,102,2012-03-29T07:24:04Z,69,6,964,A,3738.2746,N,14057.3248,E,25.1,A,0.9,1*59
$BMRDD,102,2012-03-29T07:24:09Z,70,8,972,A,3738.2746,N,14057.3248,E,25.2,A,0.9,1*56
$BMRDD,102,2012-03-29T07:24:14Z,72,6,978,A,3738.2746,N,14057.3248,E,25.4,A,0.9,1*5A
$BMRDD,102,2012-03-29T07:24:19Z,72,5,983,A,3738.2746,N,14057.3248,E,25.5,A,0.9,1*51
$BMRDD,102,2012-03-29T07:24:24Z,71,5,988,A,3738.2746,N,14057.3248,E,25.6,A,0.9,1*54
$BMRDD,102,2012-03-29T07:24:29Z,72,6,994,A,3738.2746,N,14057.3248,E,25.5,A,1.0,1*5F
$BMRDD,102,2012-03-29T07:24:34Z,72,3,997,A,3738.2746,N,14057.3248,E,25.5,A,0.9,1*5D
$BMRDD,102,2012-03-29T07:24:39Z,69,6,1003,A,3738.2746,N,14057.3248,E,25.7,A,0.9,1*68
$BMRDD,102,2012-03-29T07:24:44Z,64,5,1008,A,3738.2746,N,14057.3248,E,26.0,A,0.9,1*63
$BMRDD,102,2012-03-29T07:24:49Z,62,2,1010,A,3738.2746,N,14057.3248,E,26.4,A,1.0,1*6A
$BMRDD,102,2012-03-29T07:24:54Z,60,6,1016,A,3738.2746,N,14057.3248,E,26.8,A,0.9,1*62
$BMRDD,102,2012-03-29T07:24:59Z,62,4,1020,A,3738.2746,N,14057.3248,E,26.9,A,0.9,1*6B
$BMRDD,102,2012-03-29T07:25:04Z,60,4,1024,A,3738.2746,N,14057.3248,E,27.1,A,1.0,1*65
$BMRDD,102,2012-03-29T07:25:09Z,55,3,1027,A,3738.2746,N,14057.3248,E,27.1,A,1.2,1*68
$BMRDD,102,2012-03-29T07:25:14Z,56,7,1034,A,3738.2746,N,14057.3248,E,27.2,A,1.0,1*60
$BMRDD,102,2012-03-29T07:25:19Z,54,3,1037,A,3738.2746,N,14057.3248,E,27.2,A,1.0,1*68
$BMRDD,102,2012-03-29T07:25:24Z,54,5,1042,A,3738.2746,N,14057.3248,E,27.3,A,0.9,1*6B
$BMRDD,102,2012-03-29T07:25:29Z,52,4,1046,A,3738.2746,N,14057.3248,E,27.5,A,0.9,1*63
$BMRDD,102,2012-03-29T07:25:34Z,53,4,1050,A,3738.2746,N,14057.3248,E,27.7,A,0.9,1*6B
$BMRDD,102,2012-03-29T07:25:39Z,53,6,1056,A,3738.2746,N,14057.3248,E,27.8,A,1.1,1*64
$BMRDD,102,2012-03-29T07:25:44Z,51,3,1059,A,3738.2746,N,14057.3248,E,28.0,A,0.9,1*68
$BMRDD,102,2012-03-29T07:25:49Z,53,4,1063,A,3738.2746,N,14057.3248,E,28.0,A,0.9,1*69
$BMRDD,102,2012-03-29T07:25:54Z,51,4,1067,A,3738.2746,N,14057.3248,E,28.1,A,1.0,1*6A
$BMRDD,102,2012-03-29T07:25:59Z,51,4,1071,A,3738.2746,N,14057.3248,E,28.3,A,0.9,1*6A
$BMRDD,102,2012-03-29T07:26:04Z,50,3,1074,A,3738.2746,N,14057.3248,E,28.6,A,0.9,1*67
$BMRDD,102,2012-03-29T07:26:09Z,51,4,1078,A,3738.2746,N,14057.3248,E,28.6,A,1.0,1*68
$BMRDD,102,2012-03-29T07:26:14Z,47,3,1081,A,3738.2746,N,14057.3248,E,28.5,A,1.0,1*61
$BMRDD,102,2012-03-29T07:26:19Z,46,2,1083,A,3738.2746,N,14057.3248,E,28.2,A,1.0,1*69
$BMRDD,102,2012-03-29T07:26:24Z,50,9,1092,A,3738.2746,N,14057.3248,E,27.9,A,1.0,1*6F
$BMRDD,102,2012-03-29T07:26:29Z,50,4,1096,A,3738.2746,N,14057.3248,E,27.7,A,1.0,1*65
$BMRDD,102,2012-03-29T07:26:34Z,55,9,1105,A,3738.2746,N,14057.3248,E,27.5,A,0.9,1*60
$BMRDD,102,2012-03-29T07:26:39Z,54,5,1110,A,3738.2746,N,14057.3248,E,27.5,A,0.9,1*64
$BMRDD,102,2012-03-29T07:26:44Z,56,5,1115,A,3738.2746,N,14057.3248,E,27.6,A,1.0,1*62
$BMRDD,102,2012-03-29T07:26:49Z,58,6,1121,A,3738.2746,N,14057.3248,E,27.6,A,1.0,1*65
$BMRDD,102,2012-03-29T07:26:54Z,59,5,1126,A,3738.2746,N,14057.3248,E,27.7,A,0.9,1*65
$BMRDD,102,2012-03-29T07:26:59Z,60,5,1131,A,3738.2746,N,14057.3248,E,27.7,A,0.9,1*64
$BMRDD,102,2012-03-29T07:27:04Z,67,10,1141,A,3738.2746,N,14057.3248,E,27.8,A,0.9,1*56
$BMRDD,102,2012-03-29T07:27:09Z,68,5,1146,A,3738.2746,N,14057.3248,E,27.8,A,0.9,1*67
$BMRDD,102,2012-03-29T07:27:14Z,77,12,1158,A,3738.2746,N,14057.3248,E,27.8,A,0.9,1*5C
$BMRDD,102,2012-03-29T07:27:19Z,77,2,1160,A,3738.2746,N,14057.3248,E,27.7,A,0.9,1*64
$BMRDD,102,2012-03-29T07:27:24Z,72,4,1164,A,3738.2746,N,14057.3248,E,27.6,A,0.9,1*6C
$BMRDD,102,2012-03-29T07:27:29Z,77,9,1173,A,3738.2746,N,14057.3248,E,27.5,A,0.9,1*6C
$BMRDD,102,2012-03-29T07:27:34Z,71,3,1176,A,3738.2746,N,14057.3248,E,27.1,A,1.0,1*65
$BMRDD,102,2012-03-29T07:27:39Z,69,3,1179,A,3738.2746,N,14057.3248,E,26.9,A,1.0,1*67
$BMRDD,102,2012-03-29T07:27:44Z,68,4,1183,A,3738.2746,N,14057.3248,E,26.7,A,1.0,1*60
$BMRDD,102,2012-03-29T07:27:49Z,69,7,1190,A,3738.2746,N,14057.3248,E,26.7,A,1.0,1*6D
$BMRDD,102,2012-03-29T07:27:54Z,70,6,1196,A,3738.2746,N,14057.3248,E,26.7,A,1.0,1*6E
$BMRDD,102,2012-03-29T07:27:59Z,79,14,1210,A,3738.2746,N,14057.3248,E,26.7,A,1.0,1*54
$BMRDD,102,2012-03-29T07:28:04Z,72,3,1213,A,3738.2746,N,14057.3248,E,26.8,A,1.0,1*62
$BMRDD,102,2012-03-29T07:28:09Z,72,5,1218,A,3738.2746,N,14057.3248,E,26.8,A,1.0,1*62
$BMRDD,102,2012-03-29T07:28:14Z,62,2,1220,A,3738.2746,N,14057.3248,E,26.8,A,1.0,1*63
$BMRDD,102,2012-03-29T07:28:19Z,66,6,1226,A,3738.2746,N,14057.3248,E,26.6,A,1.0,1*66
$BMRDD,102,2012-03-29T07:28:24Z,67,5,1231,A,3738.2746,N,14057.3248,E,26.5,A,1.0,1*6F
$BMRDD,102,2012-03-29T07:28:29Z,63,5,1236,A,3738.2746,N,14057.3248,E,26.5,A,1.0,1*61
$BMRDD,102,2012-03-29T07:28:34Z,65,5,1241,A,3738.2746,N,14057.3248,E,26.8,A,1.0,1*66
$BMRDD,102,2012-03-29T07:28:39Z,64,2,1243,A,3738.2746,N,14057.3248,E,26.8,A,1.0,1*6F
$BMRDD,102,2012-03-29T07:28:44Z,70,10,1253,A,3738.2746,N,14057.3248,E,26.8,A,1.0,1*52
$BMRDD,102,2012-03-29T07:28:49Z,66,3,1256,A,3738.2746,N,14057.3248,E,26.8,A,1.5,1*6A
$BMRDD,102,2012-03-29T07:28:54Z,60,0,1256,A,3738.2746,N,14057.3248,E,26.6,A,1.5,1*6D
$BMRDD,102,2012-03-29T07:28:59Z,52,6,1262,A,3738.2746,N,14057.3248,E,26.2,A,1.0,1*61
$BMRDD,102,2012-03-29T07:29:04Z,51,2,1264,A,3738.2746,N,14057.3248,E,26.1,A,1.7,1*6D
$BMRDD,102,2012-03-29T07:29:09Z,51,5,1269,A,3738.2746,N,14057.3248,E,26.0,A,1.0,1*6C
$BMRDD,102,2012-03-29T07:29:14Z,56,7,1276,A,3738.2746,N,14057.3248,E,25.9,A,1.0,1*61
$BMRDD,102,2012-03-29T07:29:19Z,51,1,1277,A,3738.2746,N,14057.3248,E,26.1,A,1.0,1*67
$BMRDD,102,2012-03-29T07:29:24Z,50,4,1281,A,3738.2746,N,14057.3248,E,25.9,A,1.0,1*6F
$BMRDD,102,2012-03-29T07:29:29Z,51,6,1287,A,3738.2746,N,14057.3248,E,25.9,A,1.0,1*67
$BMRDD,102,2012-03-29T07:29:34Z,50,4,1291,A,3738.2746,N,14057.3248,E,26.0,A,1.0,1*65
$BMRDD,102,2012-03-29T07:29:39Z,55,7,1298,A,3738.2746,N,14057.3248,E,26.0,A,1.0,1*67
$BMRDD,102,2012-03-29T07:29:44Z,51,6,1304,A,3738.2746,N,14057.3248,E,26.0,A,1.0,1*6C
$BMRDD,102,2012-03-29T07:29:49Z,51,3,1307,A,3738.2746,N,14057.3248,E,26.0,A,1.0,1*67
$BMRDD,102,2012-03-29T07:29:54Z,57,6,1313,A,3738.2746,N,14057.3248,E,25.8,A,1.0,1*66
$BMRDD,102,2012-03-29T07:29:59Z,54,3,1316,A,3738.2746,N,14057.3248,E,25.6,A,1.0,1*66
$BMRDD,102,2012-03-29T07:30:04Z,58,6,1322,A,3738.2746,N,14057.3248,E,25.4,A,1.0,1*6A
$BMRDD,102,2012-03-29T07:30:09Z,63,10,1332,A,3738.2746,N,14057.3248,E,25.2,A,1.0,1*5F
$BMRDD,102,2012-03-29T07:30:14Z,65,9,1341,A,3738.2746,N,14057.3248,E,25.2,A,1.0,1*69
$BMRDD,102,2012-03-29T07:30:19Z,71,7,1348,A,3738.2746,N,14057.3248,E,25.2,A,1.0,1*66
$BMRDD,102,2012-03-29T07:30:24Z,75,8,1356,A,3738.2746,N,14057.3248,E,25.1,A,1.0,1*6F
$BMRDD,102,2012-03-29T07:30:29Z,77,8,1364,A,3738.2746,N,14057.3248,E,25.1,A,1.0,1*61
$BMRDD,102,2012-03-29T07:30:34Z,81,8,1372,A,3738.2746,N,14057.3248,E,25.0,A,1.0,1*62
$BMRDD,102,2012-03-29T07:30:39Z,76,2,1374,A,3738.2746,N,14057.3248,E,25.1,A,1.0,1*6A
$BMRDD,102,2012-03-29T07:30:44Z,75,5,1379,A,3738.2746,N,14057.3248,E,25.1,A,1.0,1*69
$BMRDD,102,2012-03-29T07:30:49Z,80,8,1387,A,3738.2746,N,14057.3248,E,25.4,A,1.0,1*67
$BMRDD,102,2012-03-29T07:30:54Z,79,5,1392,A,3738.2746,N,14057.3248,E,25.7,A,1.1,1*66
$BMRDD,102,2012-03-29T07:30:59Z,79,3,1395,A,3738.2746,N,14057.3248,E,25.9,A,1.0,1*65
$BMRDD,102,2012-03-29T07:31:04Z,77,4,1399,A,3738.2746,N,14057.3248,E,26.1,A,1.0,1*62
$BMRDD,102,2012-03-29T07:31:09Z,74,7,1406,A,3738.2746,N,14057.3248,E,26.1,A,1.0,1*6E
$BMRDD,102,2012-03-29T07:31:14Z,68,3,1409,A,3738.2746,N,14057.3248,E,26.1,A,1.0,1*64
$BMRDD,102,2012-03-29T07:31:19Z,65,4,1413,A,3738.2746,N,14057.3248,E,26.2,A,1.0,1*6B
$BMRDD,102,2012-03-29T07:31:24Z,60,3,1416,A,3738.2746,N,14057.3248,E,26.3,A,1.0,1*63
$BMRDD,102,2012-03-29T07:31:29Z,60,8,1424,A,3738.2746,N,14057.3248,E,26.3,A,1.0,1*64
$BMRDD,102,2012-03-29T07:31:34Z,57,5,1429,A,3738.2746,N,14057.3248,E,26.2,A,1.0,1*6D
$BMRDD,102,2012-03-29T07:31:39Z,60,5,1434,A,3738.2746,N,14057.3248,E,26.2,A,1.0,1*68
$BMRDD,102,2012-03-29T07:31:44Z,62,7,1441,A,3738.2746,N,14057.3248,E,26.4,A,1.0,1*66
$BMRDD,102,2012-03-29T07:31:49Z,63,9,1450,A,3738.2746,N,14057.3248,E,26.5,A,1.0,1*65
$BMRDD,102,2012-03-29T07:31:54Z,63,5,1455,A,3738.2746,N,14057.3248,E,26.7,A,1.0,1*62
$BMRDD,102,2012-03-29T07:31:59Z,64,4,1459,A,3738.2746,N,14057.3248,E,26.9,A,1.0,1*6B
$BMRDD,102,2012-03-29T07:32:04Z,64,4,1463,A,3738.2746,N,14057.3248,E,27.1,A,1.0,1*60
$BMRDD,102,2012-03-29T07:32:09Z,61,4,1467,A,3738.2746,N,14057.3248,E,27.2,A,1.0,1*6F
$BMRDD,102,2012-03-29T07:32:14Z,68,10,1477,A,3738.2746,N,14057.3248,E,27.3,A,1.0,1*5F
$BMRDD,102,2012-03-29T07:32:19Z,71,7,1484,A,3738.2746,N,14057.3248,E,27.4,A,1.5,1*62
$BMRDD,102,2012-03-29T07:32:24Z,71,3,1487,A,3738.2746,N,14057.3248,E,27.6,A,1.0,1*6C
$BMRDD,102,2012-03-29T07:32:29Z,67,4,1491,A,3738.2746,N,14057.3248,E,27.7,A,1.2,1*65
$BMRDD,102,2012-03-29T07:32:34Z,67,5,1496,A,3738.2746,N,14057.3248,E,27.7,A,1.1,1*6C
$BMRDD,102,2012-03-29T07:32:39Z,67,5,1501,A,3738.2746,N,14057.3248,E,27.7,A,1.1,1*6E
$BMRDD,102,2012-03-29T07:32:44Z,65,5,1506,A,3738.2746,N,14057.3248,E,27.7,A,1.1,1*61
$BMRDD,102,2012-03-29T07:32:49Z,60,4,1510,A,3738.2746,N,14057.3248,E,27.7,A,1.0,1*6E
$BMRDD,102,2012-03-29T07:32:54Z,59,4,1514,A,3738.2746,N,14057.3248,E,27.6,A,1.0,1*6D
$BMRDD,102,2012-03-29T07:32:59Z,59,4,1518,A,3738.2746,N,14057.3248,E,27.5,A,1.0,1*6F
$BMRDD,102,2012-03-29T07:33:04Z,65,10,1528,A,3738.2746,N,14057.3248,E,27.5,A,1.0,1*5F
$BMRDD,102,2012-03-29T07:33:09Z,67,6,1534,A,3738.2746,N,14057.3248,E,27.6,A,1.0,1*69
$BMRDD,102,2012-03-29T07:33:14Z,65,8,1542,A,3738.2746,N,14057.3248,E,28.0,A,1.0,1*61
$BMRDD,102,2012-03-29T07:33:19Z,62,4,1546,A,3738.2746,N,14057.3248,E,28.2,A,1.0,1*61
$BMRDD,102,2012-03-29T07:33:24Z,63,4,1550,A,3738.2746,N,14057.3248,E,28.1,A,1.0,1*6A
$BMRDD,102,2012-03-29T07:33:29Z,67,8,1558,A,3738.2746,N,14057.3248,E,28.1,A,1.0,1*67
$BMRDD,102,2012-03-29T07:33:34Z,63,1,1559,A,3738.2746,N,14057.3248,E,28.1,A,1.0,1*67
$BMRDD,102,2012-03-29T07:33:39Z,63,5,1564,A,3738.2746,N,14057.3248,E,28.1,A,1.0,1*60
$BMRDD,102,2012-03-29T07:33:44Z,62,4,1568,A,3738.2746,N,14057.3248,E,28.1,A,1.0,1*66
$BMRDD,102,2012-03-29T07:33:49Z,62,4,1572,A,3738.2746,N,14057.3248,E,28.2,A,1.2,1*61
$BMRDD,102,2012-03-29T07:33:54Z,62,4,1576,A,3738.2746,N,14057.3248,E,28.3,A,1.2,1*68
$BMRDD,102,2012-03-29T07:33:59Z,63,5,1581,A,3738.2746,N,14057.3248,E,28.3,A,1.0,1*6F
$BMRDD,102,2012-03-29T07:34:04Z,56,3,1584,A,3738.2746,N,14057.3248,E,28.4,A,1.0,1*62
$BMRDD,102,2012-03-29T07:34:09Z,54,4,1588,A,3738.2746,N,14057.3248,E,28.4,A,1.0,1*66
$BMRDD,102,2012-03-29T07:34:14Z,50,4,1592,A,3738.2746,N,14057.3248,E,28.3,A,1.0,1*62
$BMRDD,102,2012-03-29T07:34:19Z,52,6,1598,A,3738.2746,N,14057.3248,E,28.4,A,1.0,1*62
$BMRDD,102,2012-03-29T07:34:24Z,51,3,1601,A,3738.2746,N,14057.3248,E,28.3,A,1.0,1*6E
$BMRDD,102,2012-03-29T07:34:29Z,47,4,1605,A,3738.2746,N,14057.3248,E,28.2,A,1.0,1*66
$BMRDD,102,2012-03-29T07:34:34Z,50,4,1609,A,3738.2746,N,14057.3248,E,28.1,A,1.0,1*63
$BMRDD,102,2012-03-29T07:34:39Z,51,6,1615,A,3738.2746,N,14057.3248,E,28.0,A,1.0,1*61
$BMRDD,102,2012-03-29T07:34:44Z,55,8,1623,A,3738.2746,N,14057.3248,E,27.9,A,1.0,1*62
$BMRDD,102,2012-03-29T07:34:49Z,53,2,1625,A,3738.2746,N,14057.3248,E,28.0,A,1.0,1*63
$BMRDD,102,2012-03-29T07:34:54Z,57,8,1633,A,3738.2746,N,14057.3248,E,28.0,A,1.0,1*66
$BMRDD,102,2012-03-29T07:34:59Z,58,6,1639,A,3738.2746,N,14057.3248,E,28.1,A,1.1,1*60
$BMRDD,102,2012-03-29T07:35:04Z,61,6,1645,A,3738.2746,N,14057.3248,E,28.2,A,1.1,1*6B
$BMRDD,102,2012-03-29T07:35:09Z,60,3,1648,A,3738.2746,N,14057.3248,E,28.2,A,1.0,1*6E
$BMRDD,102,2012-03-29T07:35:14Z,61,5,1653,A,3738.2746,N,14057.3248,E,28.1,A,1.3,1*6F
$BMRDD,102,2012-03-29T07:35:19Z,61,6,1659,A,3738.2746,N,14057.3248,E,28.0,A,1.0,1*69
$BMRDD,102,2012-03-29T07:35:24Z,65,7,1666,A,3738.2746,N,14057.3248,E,27.9,A,1.0,1*68
$BMRDD,102,2012-03-29T07:35:29Z,68,7,1673,A,3738.2746,N,14057.3248,E,27.7,A,1.0,1*62
$BMRDD,102,2012-03-29T07:35:34Z,69,5,1678,A,3738.2746,N,14057.3248,E,27.6,A,1.0,1*67
$BMRDD,102,2012-03-29T07:35:39Z,67,4,1682,A,3738.2746,N,14057.3248,E,27.3,A,1.0,1*65
$BMRDD,102,2012-03-29T07:35:44Z,62,3,1685,A,3738.2746,N,14057.3248,E,27.3,A,1.0,1*6A
$BMRDD,102,2012-03-29T07:35:49Z,70,10,1695,A,3738.2746,N,14057.3248,E,27.4,A,1.0,1*50
$BMRDD,102,2012-03-29T07:35:54Z,64,2,1697,A,3738.2746,N,14057.3248,E,27.3,A,1.0,1*6F
$BMRDD,102,2012-03-29T07:35:59Z,60,2,1699,A,3738.2746,N,14057.3248,E,27.5,A,1.0,1*6E
$BMRDD,102,2012-03-29T07:36:04Z,61,7,1706,A,3738.2746,N,14057.3248,E,27.4,A,1.0,1*67
$BMRDD,102,2012-03-29T07:36:09Z,64,6,1712,A,3738.2746,N,14057.3248,E,27.3,A,1.0,1*6C
$BMRDD,102,2012-03-29T07:36:14Z,64,5,1717,A,3738.2746,N,14057.3248,E,27.2,A,1.0,1*67
$BMRDD,102,2012-03-29T07:36:19Z,65,7,1724,A,3738.2746,N,14057.3248,E,27.1,A,1.0,1*6A
$BMRDD,102,2012-03-29T07:36:24Z,64,6,1730,A,3738.2746,N,14057.3248,E,27.0,A,1.0,1*60
$BMRDD,102,2012-03-29T07:36:29Z,61,4,1734,A,3738.2746,N,14057.3248,E,27.0,A,1.0,1*6E
$BMRDD,102,2012-03-29T07:36:34Z,63,7,1741,A,3738.2746,N,14057.3248,E,27.1,A,1.0,1*60
$BMRDD,102,2012-03-29T07:36:39Z,64,5,1746,A,3738.2746,N,14057.3248,E,27.1,A,1.0,1*6F
$BMRDD,102,2012-03-29T07:36:44Z,71,10,1756,A,3738.2746,N,14057.3248,E,27.1,A,1.0,1*54
$BMRDD,102,2012-03-29T07:36:49Z,70,9,1765,A,3738.2746,N,14057.3248,E,27.1,A,1.0,1*60
$BMRDD,102,2012-03-29T07:36:54Z,72,4,1769,A,3738.2746,N,14057.3248,E,27.3,A,1.0,1*6D
$BMRDD,102,2012-03-29T07:36:59Z,72,2,1771,A,3738.2746,N,14057.3248,E,27.2,A,1.0,1*6E
$BMRDD,102,2012-03-29T07:37:04Z,66,1,1772,A,3738.2746,N,14057.3248,E,27.4,A,2.2,1*65
$BMRDD,102,2012-03-29T07:37:09Z,63,3,1775,A,3738.2746,N,14057.3248,E,27.7,A,2.1,1*68
$BMRDD,102,2012-03-29T07:37:14Z,59,1,1776,A,3738.2746,N,14057.3248,E,27.7,A,1.6,1*68
$BMRDD,102,2012-03-29T07:37:19Z,59,7,1783,A,3738.2746,N,14057.3248,E,27.6,A,1.0,1*6E
$BMRDD,102,2012-03-29T07:37:24Z,58,5,1788,A,3738.2746,N,14057.3248,E,27.5,A,1.0,1*6B
$BMRDD,102,2012-03-29T07:37:29Z,62,8,1796,A,3738.2746,N,14057.3248,E,27.5,A,1.0,1*6D
$BMRDD,102,2012-03-29T07:37:34Z,65,10,1806,A,3738.2746,N,14057.3248,E,27.4,A,1.0,1*58
$BMRDD,102,2012-03-29T07:37:39Z,65,5,1811,A,3738.2746,N,14057.3248,E,27.3,A,1.0,1*60
$BMRDD,102,2012-03-29T07:37:44Z,58,3,1814,A,3738.2746,N,14057.3248,E,27.3,A,1.0,1*67
$BMRDD,102,2012-03-29T07:37:49Z,55,6,1820,A,3738.2746,N,14057.3248,E,27.3,A,1.0,1*65
$BMRDD,102,2012-03-29T07:37:54Z,62,11,1831,A,3738.2746,N,14057.3248,E,27.2,A,1.0,1*5A
$BMRDD,102,2012-03-29T07:37:59Z,63,3,1834,A,3738.2746,N,14057.3248,E,27.2,A,1.0,1*60
$BMRDD,102,2012-03-29T07:38:04Z,67,5,1839,A,3738.2746,N,14057.3248,E,27.2,A,1.0,1*68
$BMRDD,102,2012-03-29T07:38:09Z,68,4,1843,A,3738.2746,N,14057.3248,E,27.2,A,1.0,1*66
$BMRDD,102,2012-03-29T07:38:14Z,70,3,1846,A,3738.2746,N,14057.3248,E,27.2,A,1.0,1*61
$BMRDD,102,2012-03-29T07:38:19Z,67,4,1850,A,3738.2746,N,14057.3248,E,27.2,A,1.1,1*6B
$BMRDD,102,2012-03-29T07:38:24Z,69,7,1857,A,3738.2746,N,14057.3248,E,27.2,A,1.1,1*6F
$BMRDD,102,2012-03-29T07:38:29Z,66,5,1862,A,3738.2746,N,14057.3248,E,27.3,A,1.1,1*68
$BMRDD,102,2012-03-29T07:38:34Z,62,6,1868,A,3738.2746,N,14057.3248,E,27.1,A,1.1,1*6B
$BMRDD,102,2012-03-29T07:38:39Z,62,5,1873,A,3738.2746,N,14057.3248,E,27.0,A,1.1,1*6E
$BMRDD,102,2012-03-29T07:38:44Z,62,3,1876,A,3738.2746,N,14057.3248,E,26.7,A,1.1,1*61
$BMRDD,102,2012-03-29T07:38:49Z,63,7,1883,A,3738.2746,N,14057.3248,E,26.4,A,1.1,1*60
$BMRDD,102,2012-03-29T07:38:54Z,57,5,1888,A,3738.2746,N,14057.3248,E,26.3,A,1.1,1*65
$BMRDD,102,2012-03-29T07:38:59Z,62,8,1896,A,3738.2746,N,14057.3248,E,27.2,A,0.8,1*64
$BMRDD,102,2012-03-29T07:39:04Z,66,9,1905,A,3738.2746,N,14057.3248,E,27.9,A,0.8,1*68
$BMRDD,102,2012-03-29T07:39:09Z,63,1,1906,A,3738.2746,N,14057.3248,E,28.7,A,0.8,1*6A
$BMRDD,102,2012-03-29T07:39:14Z,72,12,1918,A,3738.2746,N,14057.3248,E,29.2,A,0.8,1*5F
$BMRDD,102,2012-03-29T07:39:19Z,75,7,1925,A,3738.2746,N,14057.3248,E,29.4,A,0.8,1*69
$BMRDD,102,2012-03-29T07:39:24Z,81,13,1938,A,3738.2746,N,14057.3248,E,29.4,A,0.8,1*55
$BMRDD,102,2012-03-29T07:39:29Z,81,5,1943,A,3738.2746,N,14057.3248,E,29.5,A,0.8,1*62
$BMRDD,102,2012-03-29T07:39:34Z,80,5,1948,A,3738.2746,N,14057.3248,E,29.4,A,0.8,1*65
$BMRDD,102,2012-03-29T07:39:39Z,80,5,1953,A,3738.2746,N,14057.3248,E,29.2,A,0.8,1*64
$BMRDD,102,2012-03-29T07:39:44Z,81,4,1957,A,3738.2746,N,14057.3248,E,29.0,A,0.8,1*68
$BMRDD,102,2012-03-29T07:39:49Z,80,6,1963,A,3738.2746,N,14057.3248,E,28.9,A,0.8,1*69
$BMRDD,102,2012-03-29T07:39:54Z,78,3,1966,A,3738.2746,N,14057.3248,E,28.8,A,0.8,1*63
$BMRDD,102,2012-03-29T07:39:59Z,78,8,1974,A,3738.2746,N,14057.3248,E,28.8,A,0.8,1*66
$BMRDD,102,2012-03-29T07:40:04Z,74,5,1979,A,3738.2746,N,14057.3248,E,28.7,A,0.8,1*63
$BMRDD,102,2012-03-29T07:40:09Z,75,2,1981,A,3738.2746,N,14057.3248,E,28.5,A,0.8,1*6D
$BMRDD,102,2012-03-29T07:40:14Z,66,3,1984,A,3738.2746,N,14057.3248,E,28.5,A,0.8,1*67
$BMRDD,102,2012-03-29T07:40:19Z,64,5,1989,A,3738.2746,N,14057.3248,E,28.4,A,0.8,1*62
$BMRDD,102,2012-03-29T07:40:24Z,55,4,1993,A,3738.2746,N,14057.3248,E,28.5,A,0.8,1*65
$BMRDD,102,2012-03-29T07:40:29Z,54,4,1997,A,3738.2746,N,14057.3248,E,28.5,A,0.8,1*6D
$BMRDD,102,2012-03-29T07:40:34Z,56,7,2004,A,3738.2746,N,14057.3248,E,28.4,A,0.8,1*61
$BMRDD,102,2012-03-29T07:40:39Z,55,4,2008,A,3738.2746,N,14057.3248,E,28.3,A,0.8,1*67
$BMRDD,102,2012-03-29T07:40:44Z,59,8,2016,A,3738.2746,N,14057.3248,E,28.2,A,0.8,1*63
$BMRDD,102,2012-03-29T07:40:49Z,60,7,2023,A,3738.2746,N,14057.3248,E,28.0,A,0.8,1*6F
$BMRDD,102,2012-03-29T07:40:54Z,62,5,2028,A,3738.2746,N,14057.3248,E,27.8,A,0.8,1*6F
$BMRDD,102,2012-03-29T07:40:59Z,60,6,2034,A,3738.2746,N,14057.3248,E,27.7,A,0.8,1*61
$BMRDD,102,2012-03-29T07:41:04Z,57,2,2036,A,3738.2746,N,14057.3248,E,27.8,A,0.8,1*65
$BMRDD,102,2012-03-29T07:41:09Z,61,6,2042,A,3738.2746,N,14057.3248,E,28.1,A,0.8,1*6C
$BMRDD,102,2012-03-29T07:41:14Z,65,7,2049,A,3738.2746,N,14057.3248,E,28.4,A,0.8,1*6B
$BMRDD,102,2012-03-29T07:41:19Z,65,5,2054,A,3738.2746,N,14057.3248,E,28.4,A,0.8,1*68
$BMRDD,102,2012-03-29T07:41:24Z,66,5,2059,A,3738.2746,N,14057.3248,E,28.3,A,0.8,1*6F
$BMRDD,102,2012-03-29T07:41:29Z,70,8,2067,A,3738.2746,N,14057.3248,E,28.2,A,0.8,1*64
$BMRDD,102,2012-03-29T07:41:34Z,71,8,2075,A,3738.2746,N,14057.3248,E,28.2,A,1.1,1*62
$BMRDD,102,2012-03-29T07:41:39Z,69,2,2077,A,3738.2746,N,14057.3248,E,28.1,A,1.1,1*6D
$BMRDD,102,2012-03-29T07:41:44Z,63,2,2079,A,3738.2746,N,14057.3248,E,28.1,A,0.9,1*6A
$BMRDD,102,2012-03-29T07:41:49Z,60,4,2083,A,3738.2746,N,14057.3248,E,28.0,A,0.9,1*66
$BMRDD,102,2012-03-29T07:41:54Z,58,3,2086,A,3738.2746,N,14057.3248,E,27.8,A,0.9,1*64
$BMRDD,102,2012-03-29T07:41:59Z,62,10,2096,A,3738.2746,N,14057.3248,E,27.6,A,0.8,1*5C
$BMRDD,102,2012-03-29T07:42:04Z,64,4,2100,A,3738.2746,N,14057.3248,E,27.6,A,0.8,1*6A
$BMRDD,102,2012-03-29T07:42:09Z,62,4,2104,A,3738.2746,N,14057.3248,E,27.5,A,0.8,1*66
$BMRDD,102,2012-03-29T07:42:14Z,60,5,2109,A,3738.2746,N,14057.3248,E,27.2,A,0.8,1*63
$BMRDD,102,2012-03-29T07:42:19Z,59,4,2113,A,3738.2746,N,14057.3248,E,26.9,A,0.9,1*65
$BMRDD,102,2012-03-29T07:42:24Z,59,5,2118,A,3738.2746,N,14057.3248,E,26.6,A,0.9,1*6E
$BMRDD,102,2012-03-29T07:42:29Z,59,8,2126,A,3738.2746,N,14057.3248,E,26.4,A,0.8,1*60
$BMRDD,102,2012-03-29T07:42:34Z,55,4,2130,A,3738.2746,N,14057.3248,E,26.2,A,0.8,1*6D
$BMRDD,102,2012-03-29T07:42:39Z,60,7,2137,A,3738.2746,N,14057.3248,E,25.9,A,0.8,1*6A
$BMRDD,102,2012-03-29T07:42:44Z,68,10,2147,A,3738.2746,N,14057.3248,E,25.7,A,0.8,1*57
$BMRDD,102,2012-03-29T07:42:49Z,71,7,2154,A,3738.2746,N,14057.3248,E,25.3,A,0.8,1*62
$BMRDD,102,2012-03-29T07:42:54Z,73,5,2159,A,3738.2746,N,14057.3248,E,24.8,A,0.8,1*69
$BMRDD,102,2012-03-29T07:42:59Z,69,6,2165,A,3738.2746,N,14057.3248,E,24.5,A,0.8,1*6E
$BMRDD,102,2012-03-29T07:43:04Z,69,4,2169,A,3738.2746,N,14057.3248,E,24.2,A,0.8,1*6E
$BMRDD,102,2012-03-29T07:43:09Z,71,6,2175,A,3738.2746,N,14057.3248,E,24.1,A,0.8,1*66
$BMRDD,102,2012-03-29T07:43:14Z,70,4,2179,A,3738.2746,N,14057.3248,E,24.0,A,0.8,1*64
$BMRDD,102,2012-03-29T07:43:19Z,70,4,2183,A,3738.2746,N,14057.3248,E,23.9,A,0.8,1*62
$BMRDD,102,2012-03-29T07:43:24Z,72,7,2190,A,3738.2746,N,14057.3248,E,24.0,A,0.8,1*61
$BMRDD,102,2012-03-29T07:43:29Z,69,5,2195,A,3738.2746,N,14057.3248,E,24.0,A,0.8,1*61
$BMRDD,102,2012-03-29T07:43:34Z,68,3,2198,A,3738.2746,N,14057.3248,E,24.1,A,0.9,1*67
$BMRDD,102,2012-03-29T07:43:39Z,65,4,2202,A,3738.2746,N,14057.3248,E,24.1,A,0.9,1*60
$BMRDD,102,2012-03-29T07:43:44Z,58,3,2205,A,3738.2746,N,14057.3248,E,23.9,A,0.8,1*6A
$BMRDD,102,2012-03-29T07:43:49Z,56,5,2210,A,3738.2746,N,14057.3248,E,23.9,A,0.8,1*6B
$BMRDD,102,2012-03-29T07:43:54Z,57,6,2216,A,3738.2746,N,14057.3248,E,24.0,A,0.8,1*6D
$BMRDD,102,2012-03-29T07:43:59Z,57,6,2222,A,3738.2746,N,14057.3248,E,23.9,A,0.8,1*69
$BMRDD,102,2012-03-29T07:44:04Z,60,7,2229,A,3738.2746,N,14057.3248,E,23.8,A,0.9,1*68
$BMRDD,102,2012-03-29T07:44:09Z,57,3,2232,A,3738.2746,N,14057.3248,E,23.7,A,0.8,1*61
$BMRDD,102,2012-03-29T07:44:14Z,61,8,2240,A,3738.2746,N,14057.3248,E,23.5,A,0.8,1*64
$BMRDD,102,2012-03-29T07:44:19Z,63,6,2246,A,3738.2746,N,14057.3248,E,23.3,A,0.8,1*65
$BMRDD,102,2012-03-29T07:44:24Z,63,7,2253,A,3738.2746,N,14057.3248,E,23.1,A,0.8,1*6C
$BMRDD,102,2012-03-29T07:44:29Z,62,4,2257,A,3738.2746,N,14057.3248,E,22.8,A,0.8,1*6F
$BMRDD,102,2012-03-29T07:44:34Z,66,7,2264,A,3738.2746,N,14057.3248,E,22.7,A,0.8,1*6B
$BMRDD,102,2012-03-29T07:44:39Z,67,5,2269,A,3738.2746,N,14057.3248,E,22.5,A,0.8,1*6A
$BMRDD,102,2012-03-29T07:44:44Z,67,3,2272,A,3738.2746,N,14057.3248,E,22.4,A,0.8,1*6D
$BMRDD,102,2012-03-29T07:44:49Z,64,2,2274,A,3738.2746,N,14057.3248,E,22.3,A,0.8,1*63
$BMRDD,102,2012-03-29T07:44:54Z,60,2,2276,A,3738.2746,N,14057.3248,E,22.1,A,0.8,1*6B
$BMRDD,102,2012-03-29T07:44:59Z,61,7,2283,A,3738.2746,N,14057.3248,E,22.0,A,0.8,1*69
$BMRDD,102,2012-03-29T07:45:04Z,61,7,2290,A,3738.2746,N,14057.3248,E,22.0,A,0.8,1*62
$BMRDD,102,2012-03-29T07:45:09Z,70,12,2302,A,3738.2746,N,14057.3248,E,22.1,A,0.8,1*50
$BMRDD,102,2012-03-29T07:45:14Z,67,5,2307,A,3738.2746,N,14057.3248,E,22.1,A,0.8,1*69
$BMRDD,102,2012-03-29T07:45:19Z,69,8,2315,A,3738.2746,N,14057.3248,E,22.1,A,0.8,1*64
$BMRDD,102,2012-03-29T07:45:24Z,65,3,2318,A,3738.2746,N,14057.3248,E,22.1,A,0.8,1*60
$BMRDD,102,2012-03-29T07:45:29Z,64,3,2321,A,3738.2746,N,14057.3248,E,22.1,A,0.8,1*66
$BMRDD,102,2012-03-29T07:45:34Z,64,7,2328,A,3738.2746,N,14057.3248,E,22.1,A,0.8,1*67
$BMRDD,102,2012-03-29T07:45:39Z,65,6,2334,A,3738.2746,N,14057.3248,E,22.2,A,0.8,1*64
$BMRDD,102,2012-03-29T07:45:44Z,67,5,2339,A,3738.2746,N,14057.3248,E,22.1,A,0.8,1*61
$BMRDD,102,2012-03-29T07:45:49Z,71,6,2345,A,3738.2746,N,14057.3248,E,22.1,A,0.8,1*63
$BMRDD,102,2012-03-29T07:45:54Z,73,4,2349,A,3738.2746,N,14057.3248,E,22.1,A,0.8,1*63
$BMRDD,102,2012-03-29T07:45:59Z,71,5,2354,A,3738.2746,N,14057.3248,E,22.1,A,0.8,1*61
$BMRDD,102,2012-03-29T07:46:04Z,73,9,2363,A,3738.2746,N,14057.3248,E,22.1,A,0.8,1*60
$BMRDD,102,2012-03-29T07:46:09Z,67,6,2369,A,3738.2746,N,14057.3248,E,22.1,A,0.8,1*6D
$BMRDD,102,2012-03-29T07:46:14Z,70,8,2377,A,3738.2746,N,14057.3248,E,22.0,A,0.8,1*67
$BMRDD,102,2012-03-29T07:46:19Z,69,7,2384,A,3738.2746,N,14057.3248,E,22.0,A,0.8,1*61
$BMRDD,102,2012-03-29T07:46:24Z,72,6,2390,A,3738.2746,N,14057.3248,E,22.1,A,0.8,1*60
$BMRDD,102,2012-03-29T07:46:29Z,75,6,2396,A,3738.2746,N,14057.3248,E,22.1,A,1.0,1*65
$BMRDD,102,2012-03-29T07:46:34Z,75,7,2403,A,3738.2746,N,14057.3248,E,22.2,A,1.0,1*60
$BMRDD,102,2012-03-29T07:46:39Z,72,3,2406,A,3738.2746,N,14057.3248,E,22.2,A,0.8,1*62
$BMRDD,102,2012-03-29T07:46:44Z,72,5,2411,A,3738.2746,N,14057.3248,E,22.2,A,0.8,1*68
$BMRDD,102,2012-03-29T07:46:49Z,68,2,2413,A,3738.2746,N,14057.3248,E,22.2,A,0.8,1*6B
$BMRDD,102,2012-03-29T07:46:54Z,71,7,2420,A,3738.2746,N,14057.3248,E,22.2,A,0.8,1*6A
$BMRDD,102,2012-03-29T07:46:59Z,76,10,2430,A,3738.2746,N,14057.3248,E,22.2,A,0.8,1*57
$BMRDD,102,2012-03-29T07:47:04Z,73,6,2436,A,3738.2746,N,14057.3248,E,22.3,A,0.8,1*6B
$BMRDD,102,2012-03-29T07:47:09Z,71,4,2440,A,3738.2746,N,14057.3248,E,22.3,A,0.8,1*67
$BMRDD,102,2012-03-29T07:47:14Z,70,7,2447,A,3738.2746,N,14057.3248,E,22.2,A,0.8,1*6F
$BMRDD,102,2012-03-29T07:47:19Z,68,5,2452,A,3738.2746,N,14057.3248,E,22.2,A,0.8,1*6D
$BMRDD,102,2012-03-29T07:47:24Z,69,7,2459,A,3738.2746,N,14057.3248,E,22.2,A,0.8,1*6B
$BMRDD,102,2012-03-29T07:47:29Z,67,4,2463,A,3738.2746,N,14057.3248,E,22.2,A,1.0,1*6B
$BMRDD,102,2012-03-29T07:47:34Z,64,4,2467,A,3738.2746,N,14057.3248,E,22.1,A,0.8,1*6A
$BMRDD,102,2012-03-29T07:47:39Z,68,7,2474,A,3738.2746,N,14057.3248,E,22.1,A,0.8,1*6A
$BMRDD,102,2012-03-29T07:47:44Z,66,3,2477,A,3738.2746,N,14057.3248,E,22.0,A,0.8,1*68
$BMRDD,102,2012-03-29T07:47:49Z,69,5,2482,A,3738.2746,N,14057.3248,E,21.9,A,0.8,1*6C
$BMRDD,102,2012-03-29T07:47:54Z,67,5,2487,A,3738.2746,N,14057.3248,E,21.7,A,0.8,1*65
$BMRDD,102,2012-03-29T07:47:59Z,59,2,2489,A,3738.2746,N,14057.3248,E,21.6,A,0.8,1*6D
$BMRDD,102,2012-03-29T07:48:04Z,60,7,2496,A,3738.2746,N,14057.3248,E,21.5,A,0.9,1*69
$BMRDD,102,2012-03-29T07:48:09Z,58,2,2498,A,3738.2746,N,14057.3248,E,21.4,A,0.8,1*64
$BMRDD,102,2012-03-29T07:48:14Z,59,8,2506,A,3738.2746,N,14057.3248,E,21.3,A,0.8,1*62
$BMRDD,102,2012-03-29T07:48:19Z,58,4,2510,A,3738.2746,N,14057.3248,E,21.1,A,0.8,1*67
$BMRDD,102,2012-03-29T07:48:24Z,60,9,2519,A,3738.2746,N,14057.3248,E,21.0,A,0.8,1*67
$BMRDD,102,2012-03-29T07:48:29Z,59,3,2522,A,3738.2746,N,14057.3248,E,21.0,A,0.8,1*62
$BMRDD,102,2012-03-29T07:48:34Z,67,12,2534,A,3738.2746,N,14057.3248,E,21.0,A,0.8,1*54
$BMRDD,102,2012-03-29T07:48:39Z,66,6,2540,A,3738.2746,N,14057.3248,E,21.0,A,0.8,1*6E
$BMRDD,102,2012-03-29T07:48:44Z,65,2,2542,A,3738.2746,N,14057.3248,E,21.0,A,0.8,1*61
$BMRDD,102,2012-03-29T07:48:49Z,64,4,2546,A,3738.2746,N,14057.3248,E,21.0,A,0.8,1*6F
$BMRDD,102,2012-03-29T07:48:54Z,63,4,2550,A,3738.2746,N,14057.3248,E,21.0,A,0.8,1*63
$BMRDD,102,2012-03-29T07:48:59Z,66,5,2555,A,3738.2746,N,14057.3248,E,21.0,A,0.8,1*6F
$BMRDD,102,2012-03-29T07:49:04Z,65,6,2561,A,3738.2746,N,14057.3248,E,21.0,A,0.8,1*61
$BMRDD,102,2012-03-29T07:49:09Z,73,10,2571,A,3738.2746,N,14057.3248,E,21.0,A,1.0,1*54
$BMRDD,102,2012-03-29T07:49:14Z,70,5,2576,A,3738.2746,N,14057.3248,E,20.9,A,1.0,1*60
$BMRDD,102,2012-03-29T07:49:19Z,71,5,2581,A,3738.2746,N,14057.3248,E,20.9,A,1.0,1*64
$BMRDD,102,2012-03-29T07:49:24Z,70,8,2589,A,3738.2746,N,14057.3248,E,20.9,A,0.8,1*67
$BMRDD,102,2012-03-29T07:49:29Z,72,5,2594,A,3738.2746,N,14057.3248,E,20.9,A,0.8,1*69
$BMRDD,102,2012-03-29T07:49:34Z,65,5,2599,A,3738.2746,N,14057.3248,E,20.9,A,0.8,1*6E
$BMRDD,102,2012-03-29T07:49:39Z,61,2,2601,A,3738.2746,N,14057.3248,E,20.9,A,0.8,1*62
$BMRDD,102,2012-03-29T07:49:44Z,66,7,2608,A,3738.2746,N,14057.3248,E,20.9,A,0.8,1*63
$BMRDD,102,2012-03-29T07:49:49Z,67,5,2613,A,3738.2746,N,14057.3248,E,20.9,A,0.8,1*67
$BMRDD,102,2012-03-29T07:49:54Z,67,4,2617,A,3738.2746,N,14057.3248,E,20.7,A,0.8,1*60
$BMRDD,102,2012-03-29T07:49:59Z,66,4,2621,A,3738.2746,N,14057.3248,E,20.4,A,0.9,1*6B
$BMRDD,102,2012-03-29T07:50:04Z,64,4,2625,A,3738.2746,N,14057.3248,E,20.1,A,0.9,1*68
$BMRDD,102,2012-03-29T07:50:09Z,59,5,2630,A,3738.2746,N,14057.3248,E,19.9,A,0.9,1*6C
$BMRDD,102,2012-03-29T07:50:14Z,58,4,2634,A,3738.2746,N,14057.3248,E,19.7,A,0.8,1*6B
$BMRDD,102,2012-03-29T07:50:19Z,60,7,2641,A,3738.2746,N,14057.3248,E,19.6,A,0.8,1*6D
$BMRDD,102,2012-03-29T07:50:24Z,54,2,2643,A,3738.2746,N,14057.3248,E,19.5,A,0.8,1*60
$BMRDD,102,2012-03-29T07:50:29Z,59,10,2653,A,3738.2746,N,14057.3248,E,19.5,A,0.8,1*52
$BMRDD,102,2012-03-29T07:50:34Z,57,3,2656,A,3738.2746,N,14057.3248,E,19.4,A,0.8,1*66
$BMRDD,102,2012-03-29T07:50:39Z,59,4,2660,A,3738.2746,N,14057.3248,E,19.3,A,0.8,1*60
$BMRDD,102,2012-03-29T07:50:44Z,58,6,2666,A,3738.2746,N,14057.3248,E,19.3,A,0.8,1*6F
$BMRDD,102,2012-03-29T07:50:49Z,56,3,2669,A,3738.2746,N,14057.3248,E,19.1,A,0.8,1*64
$BMRDD,102,2012-03-29T07:50:54Z,59,7,2676,A,3738.2746,N,14057.3248,E,19.1,A,0.8,1*6D
$BMRDD,102,2012-03-29T07:50:59Z,58,3,2679,A,3738.2746,N,14057.3248,E,19.1,A,0.8,1*6A
$BMRDD,102,2012-03-29T07:51:04Z,56,2,2681,A,3738.2746,N,14057.3248,E,18.9,A,0.8,1*62
$BMRDD,102,2012-03-29T07:51:09Z,57,6,2687,A,3738.2746,N,14057.3248,E,18.8,A,0.8,1*6D
$BMRDD,102,2012-03-29T07:51:14Z,56,3,2690,A,3738.2746,N,14057.3248,E,18.8,A,1.1,1*6B
$BMRDD,102,2012-03-29T07:51:19Z,56,7,2697,A,3738.2746,N,14057.3248,E,18.8,A,1.1,1*65
$BMRDD,102,2012-03-29T07:51:24Z,60,6,2703,A,3738.2746,N,14057.3248,E,18.8,A,1.1,1*63
$BMRDD,102,2012-03-29T07:51:29Z,56,6,2709,A,3738.2746,N,14057.3248,E,18.7,A,0.8,1*66
$BMRDD,102,2012-03-29T07:51:34Z,61,8,2717,A,3738.2746,N,14057.3248,E,18.6,A,0.8,1*6E
$BMRDD,102,2012-03-29T07:51:39Z,60,3,2720,A,3738.2746,N,14057.3248,E,18.5,A,0.8,1*6E
$BMRDD,102,2012-03-29T07:51:44Z,64,10,2730,A,3738.2746,N,14057.3248,E,18.5,A,0.8,1*53
$BMRDD,102,2012-03-29T07:51:49Z,66,5,2735,A,3738.2746,N,14057.3248,E,18.5,A,0.8,1*6D
$BMRDD,102,2012-03-29T07:51:54Z,67,8,2743,A,3738.2746,N,14057.3248,E,18.5,A,0.8,1*6C
$BMRDD,102,2012-03-29T07:51:59Z,67,3,2746,A,3738.2746,N,14057.3248,E,18.6,A,0.8,1*6C
$BMRDD,102,2012-03-29T07:52:04Z,74,9,2755,A,3738.2746,N,14057.3248,E,18.7,A,0.8,1*6C
$BMRDD,102,2012-03-29T07:52:09Z,72,4,2759,A,3738.2746,N,14057.3248,E,19.0,A,0.8,1*60
$BMRDD,102,2012-03-29T07:52:14Z,71,2,2761,A,3738.2746,N,14057.3248,E,19.4,A,0.8,1*66
$BMRDD,102,2012-03-29T07:52:19Z,70,6,2767,A,3738.2746,N,14057.3248,E,19.7,A,0.8,1*6B
$BMRDD,102,2012-03-29T07:52:24Z,67,3,2770,A,3738.2746,N,14057.3248,E,19.9,A,0.8,1*6E
$BMRDD,102,2012-03-29T07:52:29Z,75,14,2784,A,3738.2746,N,14057.3248,E,19.9,A,0.8,1*5D
$BMRDD,102,2012-03-29T07:52:34Z,72,5,2789,A,3738.2746,N,14057.3248,E,19.9,A,0.8,1*6B
$BMRDD,102,2012-03-29T07:52:39Z,76,7,2796,A,3738.2746,N,14057.3248,E,19.9,A,0.8,1*6E
$BMRDD,102,2012-03-29T07:52:44Z,71,5,2801,A,3738.2746,N,14057.3248,E,19.9,A,0.8,1*60
$BMRDD,102,2012-03-29T07:52:49Z,73,7,2808,A,3738.2746,N,14057.3248,E,19.9,A,0.8,1*64
$BMRDD,102,2012-03-29T07:52:54Z,73,8,2816,A,3738.2746,N,14057.3248,E,19.9,A,1.1,1*60
$BMRDD,102,2012-03-29T07:52:59Z,74,4,2820,A,3738.2746,N,14057.3248,E,19.7,A,0.8,1*65
$BMRDD,102,2012-03-29T07:53:04Z,69,4,2824,A,3738.2746,N,14057.3248,E,19.6,A,0.8,1*65
$BMRDD,102,2012-03-29T07:53:09Z,69,4,2828,A,3738.2746,N,14057.3248,E,19.5,A,0.8,1*67
$BMRDD,102,2012-03-29T07:53:14Z,74,7,2835,A,3738.2746,N,14057.3248,E,19.5,A,0.8,1*68
$BMRDD,102,2012-03-29T07:53:19Z,74,6,2841,A,3738.2746,N,14057.3248,E,19.4,A,1.0,1*6F
$BMRDD,102,2012-03-29T07:53:24Z,75,4,2845,A,3738.2746,N,14057.3248,E,19.3,A,1.0,1*61
$BMRDD,102,2012-03-29T07:53:29Z,65,4,2849,A,3738.2746,N,14057.3248,E,19.3,A,0.8,1*68
$BMRDD,102,2012-03-29T07:53:34Z,68,8,2857,A,3738.2746,N,14057.3248,E,19.3,A,0.8,1*6A
$BMRDD,102,2012-03-29T07:53:39Z,69,8,2865,A,3738.2746,N,14057.3248,E,19.4,A,0.8,1*60
$BMRDD,102,2012-03-29T07:53:44Z,67,3,2868,A,3738.2746,N,14057.3248,E,19.5,A,0.8,1*63
$BMRDD,102,2012-03-29T07:53:49Z,66,6,2874,A,3738.2746,N,14057.3248,E,19.6,A,0.8,1*64
$BMRDD,102,2012-03-29T07:53:54Z,66,8,2882,A,3738.2746,N,14057.3248,E,19.7,A,0.8,1*6E
$BMRDD,102,2012-03-29T07:53:59Z,71,9,2891,A,3738.2746,N,14057.3248,E,19.8,A,0.8,1*69
$BMRDD,102,2012-03-29T07:54:04Z,73,6,2897,A,3738.2746,N,14057.3248,E,19.9,A,0.8,1*6C
$BMRDD,102,2012-03-29T07:54:09Z,74,5,2902,A,3738.2746,N,14057.3248,E,19.9,A,0.8,1*68
$BMRDD,102,2012-03-29T07:54:14Z,70,3,2905,A,3738.2746,N,14057.3248,E,19.9,A,0.8,1*61
$BMRDD,102,2012-03-29T07:54:19Z,72,8,2913,A,3738.2746,N,14057.3248,E,19.9,A,0.8,1*62
$BMRDD,102,2012-03-29T07:54:24Z,72,4,2917,A,3738.2746,N,14057.3248,E,19.8,A,0.8,1*65
$BMRDD,102,2012-03-29T07:54:29Z,78,10,2927,A,3738.2746,N,14057.3248,E,19.8,A,0.8,1*54
$BMRDD,102,2012-03-29T07:54:34Z,77,7,2934,A,3738.2746,N,14057.3248,E,19.8,A,0.8,1*63
$BMRDD,102,2012-03-29T07:54:39Z,76,7,2941,A,3738.2746,N,14057.3248,E,19.8,A,0.8,1*6D
$BMRDD,102,2012-03-29T07:54:44Z,77,4,2945,A,3738.2746,N,14057.3248,E,19.7,A,0.8,1*6E
$BMRDD,102,2012-03-29T07:54:49Z,73,2,2947,A,3738.2746,N,14057.3248,E,19.7,A,0.8,1*63
$BMRDD,102,2012-03-29T07:54:54Z,67,2,2949,A,3738.2746,N,14057.3248,E,19.7,A,1.0,1*6D
$BMRDD,102,2012-03-29T07:54:59Z,67,9,2958,A,3738.2746,N,14057.3248,E,19.7,A,1.0,1*6B
$BMRDD,102,2012-03-29T07:55:04Z,62,1,2959,A,3738.2746,N,14057.3248,E,19.8,A,0.8,1*68
$BMRDD,102,2012-03-29T07:55:09Z,62,5,2964,A,3738.2746,N,14057.3248,E,19.9,A,0.8,1*6E
$BMRDD,102,2012-03-29T07:55:14Z,63,4,2968,A,3738.2746,N,14057.3248,E,20.0,A,0.8,1*6D
$BMRDD,102,2012-03-29T07:55:19Z,61,6,2974,A,3738.2746,N,14057.3248,E,20.2,A,0.8,1*6F
$BMRDD,102,2012-03-29T07:55:24Z,61,4,2978,A,3738.2746,N,14057.3248,E,20.3,A,0.8,1*6E
$BMRDD,102,2012-03-29T07:55:29Z,57,6,2984,A,3738.2746,N,14057.3248,E,20.5,A,0.8,1*61
$BMRDD,102,2012-03-29T07:55:34Z,53,3,2987,A,3738.2746,N,14057.3248,E,20.5,A,0.8,1*6F
$BMRDD,102,2012-03-29T07:55:39Z,54,8,2995,A,3738.2746,N,14057.3248,E,20.4,A,0.9,1*6D
$BMRDD,102,2012-03-29T07:55:44Z,58,8,3003,A,3738.2746,N,14057.3248,E,20.3,A,0.8,1*6A
$BMRDD,102,2012-03-29T07:55:49Z,64,8,3011,A,3738.2746,N,14057.3248,E,20.4,A,0.9,1*6D
$BMRDD,102,2012-03-29T07:55:54Z,69,7,3018,A,3738.2746,N,14057.3248,E,20.4,A,0.9,1*6A
$BMRDD,102,2012-03-29T07:55:59Z,62,2,3020,A,3738.2746,N,14057.3248,E,20.3,A,0.9,1*65
$BMRDD,102,2012-03-29T07:56:04Z,65,4,3024,A,3738.2746,N,14057.3248,E,20.2,A,0.9,1*6A
$BMRDD,102,2012-03-29T07:56:09Z,63,3,3027,A,3738.2746,N,14057.3248,E,20.2,A,1.2,1*6F
$BMRDD,102,2012-03-29T07:56:14Z,60,1,3028,A,3738.2746,N,14057.3248,E,20.1,A,0.9,1*64
$BMRDD,102,2012-03-29T07:56:19Z,60,6,3034,A,3738.2746,N,14057.3248,E,20.0,A,0.8,1*63
$BMRDD,102,2012-03-29T07:56:24Z,62,6,3040,A,3738.2746,N,14057.3248,E,19.8,A,0.8,1*6E
$BMRDD,102,2012-03-29T07:56:29Z,60,4,3044,A,3738.2746,N,14057.3248,E,19.7,A,0.8,1*68
$BMRDD,102,2012-03-29T07:56:34Z,64,7,3051,A,3738.2746,N,14057.3248,E,19.6,A,0.8,1*66
$BMRDD,102,2012-03-29T07:56:39Z,61,5,3056,A,3738.2746,N,14057.3248,E,19.4,A,0.8,1*69
$BMRDD,102,2012-03-29T07:56:44Z,60,7,3063,A,3738.2746,N,14057.3248,E,19.3,A,0.8,1*61
$BMRDD,102,2012-03-29T07:56:49Z,60,8,3071,A,3738.2746,N,14057.3248,E,19.1,A,1.0,1*6B
$BMRDD,102,2012-03-29T07:56:54Z,55,2,3073,A,3738.2746,N,14057.3248,E,18.9,A,0.9,1*68
$BMRDD,102,2012-03-29T07:56:59Z,58,5,3078,A,3738.2746,N,14057.3248,E,18.6,A,0.9,1*6B
$BMRDD,102,2012-03-29T07:57:04Z,58,4,3082,A,3738.2746,N,14057.3248,E,18.5,A,0.8,1*64
$BMRDD,102,2012-03-29T07:57:09Z,64,9,3091,A,3738.2746,N,14057.3248,E,18.4,A,0.8,1*68
$BMRDD,102,2012-03-29T07:57:14Z,69,6,3097,A,3738.2746,N,14057.3248,E,18.3,A,0.8,1*67
$BMRDD,102,2012-03-29T07:57:19Z,68,5,3102,A,3738.2746,N,14057.3248,E,18.4,A,0.8,1*62
$BMRDD,102,2012-03-29T07:57:24Z,69,7,3109,A,3738.2746,N,14057.3248,E,18.5,A,0.8,1*65
$BMRDD,102,2012-03-29T07:57:29Z,72,7,3116,A,3738.2746,N,14057.3248,E,18.7,A,0.8,1*6E
$BMRDD,102,2012-03-29T07:57:34Z,74,9,3125,A,3738.2746,N,14057.3248,E,18.7,A,0.8,1*6A
$BMRDD,102,2012-03-29T07:57:39Z,74,5,3130,A,3738.2746,N,14057.3248,E,18.8,A,0.8,1*60
$BMRDD,102,2012-03-29T07:57:44Z,69,2,3132,A,3738.2746,N,14057.3248,E,18.8,A,0.8,1*63
$BMRDD,102,2012-03-29T07:57:49Z,69,8,3140,A,3738.2746,N,14057.3248,E,18.9,A,0.8,1*60
$BMRDD,102,2012-03-29T07:57:54Z,74,7,3147,A,3738.2746,N,14057.3248,E,18.8,A,0.8,1*69
$BMRDD,102,2012-03-29T07:57:59Z,77,8,3155,A,3738.2746,N,14057.3248,E,18.8,A,0.8,1*6B
$BMRDD,102,2012-03-29T07:58:04Z,75,2,3157,A,3738.2746,N,14057.3248,E,18.7,A,1.0,1*60
$BMRDD,102,2012-03-29T07:58:09Z,71,5,3162,A,3738.2746,N,14057.3248,E,18.6,A,1.0,1*69
$BMRDD,102,2012-03-29T07:58:14Z,72,7,3169,A,3738.2746,N,14057.3248,E,18.7,A,0.8,1*67
$BMRDD,102,2012-03-29T07:58:19Z,72,5,3174,A,3738.2746,N,14057.3248,E,18.7,A,0.8,1*64
$BMRDD,102,2012-03-29T07:58:24Z,72,7,3181,A,3738.2746,N,14057.3248,E,18.8,A,0.8,1*6D
$BMRDD,102,2012-03-29T07:58:29Z,69,4,3185,A,3738.2746,N,14057.3248,E,18.8,A,0.8,1*6D
$BMRDD,102,2012-03-29T07:58:34Z,64,4,3189,A,3738.2746,N,14057.3248,E,18.7,A,0.8,1*6F
$BMRDD,102,2012-03-29T07:58:39Z,65,6,3195,A,3738.2746,N,14057.3248,E,18.5,A,0.8,1*6E
$BMRDD,102,2012-03-29T07:58:44Z,68,5,3200,A,3738.2746,N,14057.3248,E,18.5,A,0.8,1*65
$BMRDD,102,2012-03-29T07:58:49Z,67,7,3207,A,3738.2746,N,14057.3248,E,18.5,A,0.8,1*62
$BMRDD,102,2012-03-29T07:58:54Z,64,4,3211,A,3738.2746,N,14057.3248,E,18.6,A,0.8,1*6A
$BMRDD,102,2012-03-29T07:58:59Z,61,5,3216,A,3738.2746,N,14057.3248,E,18.6,A,0.8,1*64
$BMRDD,102,2012-03-29T07:59:04Z,64,5,3221,A,3738.2746,N,14057.3248,E,18.5,A,0.8,1*6F
$BMRDD,102,2012-03-29T07:59:09Z,63,4,3225,A,3738.2746,N,14057.3248,E,18.6,A,0.8,1*63
$BMRDD,102,2012-03-29T07:59:14Z,59,3,3228,A,3738.2746,N,14057.3248,E,18.6,A,0.8,1*6C
$BMRDD,102,2012-03-29T07:59:19Z,56,2,3230,A,3738.2746,N,14057.3248,E,18.7,A,0.8,1*67
$BMRDD,102,2012-03-29T07:59:24Z,54,5,3235,A,3738.2746,N,14057.3248,E,18.8,A,0.8,1*66
$BMRDD,102,2012-03-29T07:59:29Z,56,6,3241,A,3738.2746,N,14057.3248,E,18.8,A,0.8,1*69
$BMRDD,102,2012-03-29T07:59:34Z,60,8,3249,A,3738.2746,N,14057.3248,E,18.8,A,0.8,1*66
$BMRDD,102,2012-03-29T07:59:39Z,61,7,3256,A,3738.2746,N,14057.3248,E,18.8,A,0.8,1*6B
$BMRDD,102,2012-03-29T07:59:44Z,59,3,3259,A,3738.2746,N,14057.3248,E,19.0,A,0.8,1*68
$BMRDD,102,2012-03-29T07:59:49Z,57,5,3264,A,3738.2746,N,14057.3248,E,19.0,A,0.8,1*63
$BMRDD,102,2012-03-29T07:59:54Z,58,5,3269,A,3738.2746,N,14057.3248,E,19.1,A,0.9,1*6D
$BMRDD,102,2012-03-29T07:59:59Z,60,7,3276,A,3738.2746,N,14057.3248,E,19.2,A,0.8,1*65
$BMRDD,102,2012-03-29T08:00:04Z,59,4,3280,A,3738.2746,N,14057.3248,E,19.2,A,0.8,1*6E
$BMRDD,102,2012-03-29T08:00:09Z,62,7,3287,A,3738.2746,N,14057.3248,E,19.2,A,0.8,1*6F
$BMRDD,102,2012-03-29T08:00:14Z,63,4,3291,A,3738.2746,N,14057.3248,E,19.2,A,0.8,1*66
$BMRDD,102,2012-03-29T08:00:19Z,67,6,3297,A,3738.2746,N,14057.3248,E,19.1,A,0.8,1*68
$BMRDD,102,2012-03-29T08:00:24Z,68,6,3303,A,3738.2746,N,14057.3248,E,19.0,A,0.8,1*64
$BMRDD,102,2012-03-29T08:00:29Z,65,3,3306,A,3738.2746,N,14057.3248,E,19.0,A,0.8,1*64
$BMRDD,102,2012-03-29T08:00:34Z,60,3,3309,A,3738.2746,N,14057.3248,E,19.0,A,0.8,1*62
$BMRDD,102,2012-03-29T08:00:39Z,57,4,3313,A,3738.2746,N,14057.3248,E,19.0,A,1.1,1*6F
$BMRDD,102,2012-03-29T08:00:44Z,65,11,3324,A,3738.2746,N,14057.3248,E,19.0,A,0.8,1*5C
$BMRDD,102,2012-03-29T08:00:49Z,66,6,3330,A,3738.2746,N,14057.3248,E,18.9,A,0.8,1*69
$BMRDD,102,2012-03-29T08:00:54Z,67,6,3336,A,3738.2746,N,14057.3248,E,18.9,A,1.1,1*6A
$BMRDD,102,2012-03-29T08:00:59Z,62,2,3338,A,3738.2746,N,14057.3248,E,19.0,A,1.0,1*61
$BMRDD,102,2012-03-29T08:01:04Z,67,9,3347,A,3738.2746,N,14057.3248,E,19.1,A,1.2,1*6D
$BMRDD,102,2012-03-29T08:01:09Z,66,6,3353,A,3738.2746,N,14057.3248,E,19.2,A,1.1,1*6B
$BMRDD,102,2012-03-29T08:01:14Z,69,7,3360,A,3738.2746,N,14057.3248,E,19.3,A,1.1,1*68
$BMRDD,102,2012-03-29T08:01:19Z,65,2,3362,A,3738.2746,N,14057.3248,E,19.4,A,0.8,1*61
$BMRDD,102,2012-03-29T08:01:24Z,62,3,3365,A,3738.2746,N,14057.3248,E,19.6,A,0.8,1*6C
$BMRDD,102,2012-03-29T08:01:29Z,62,3,3368,A,3738.2746,N,14057.3248,E,19.9,A,0.8,1*63
$BMRDD,102,2012-03-29T08:01:34Z,63,4,3372,A,3738.2746,N,14057.3248,E,20.0,A,0.8,1*61
$BMRDD,102,2012-03-29T08:01:39Z,64,5,3377,A,3738.2746,N,14057.3248,E,20.3,A,0.8,1*6C
$BMRDD,102,2012-03-29T08:01:44Z,57,4,3381,A,3738.2746,N,14057.3248,E,20.4,A,0.8,1*69
$BMRDD,102,2012-03-29T08:01:49Z,55,4,3385,A,3738.2746,N,14057.3248,E,20.6,A,0.8,1*60
$BMRDD,102,2012-03-29T08:01:54Z,51,2,3387,A,3738.2746,N,14057.3248,E,20.5,A,0.8,1*6F
$BMRDD,102,2012-03-29T08:01:59Z,54,5,3392,A,3738.2746,N,14057.3248,E,20.6,A,0.8,1*67
$BMRDD,102,2012-03-29T08:02:04Z,50,5,3397,A,3738.2746,N,14057.3248,E,20.8,A,0.8,1*63
$BMRDD,102,2012-03-29T08:02:09Z,47,3,3400,A,3738.2746,N,14057.3248,E,20.9,A,0.9,1*67
$BMRDD,102,2012-03-29T08:02:14Z,43,3,3403,A,3738.2746,N,14057.3248,E,20.9,A,0.8,1*6D
$BMRDD,102,2012-03-29T08:02:19Z,47,6,3409,A,3738.2746,N,14057.3248,E,20.9,A,0.8,1*6B
$BMRDD,102,2012-03-29T08:02:24Z,48,4,3413,A,3738.2746,N,14057.3248,E,20.9,A,0.8,1*63
$BMRDD,102,2012-03-29T08:02:29Z,51,6,3419,A,3738.2746,N,14057.3248,E,21.0,A,0.8,1*66
$BMRDD,102,2012-03-29T08:02:34Z,49,2,3421,A,3738.2746,N,14057.3248,E,21.1,A,0.8,1*6D
$BMRDD,102,2012-03-29T08:02:39Z,51,7,3428,A,3738.2746,N,14057.3248,E,21.1,A,0.8,1*65
$BMRDD,102,2012-03-29T08:02:44Z,53,6,3434,A,3738.2746,N,14057.3248,E,21.1,A,1.2,1*6A
$BMRDD,102,2012-03-29T08:02:49Z,56,7,3441,A,3738.2746,N,14057.3248,E,21.1,A,1.2,1*61
$BMRDD,102,2012-03-29T08:02:54Z,57,3,3444,A,3738.2746,N,14057.3248,E,21.2,A,1.1,1*6D
$BMRDD,102,2012-03-29T08:02:59Z,59,7,3451,A,3738.2746,N,14057.3248,E,21.2,A,0.8,1*66
$BMRDD,102,2012-03-29T08:03:04Z,57,3,3454,A,3738.2746,N,14057.3248,E,21.3,A,0.8,1*61
$BMRDD,102,2012-03-29T08:03:09Z,57,3,3457,A,3738.2746,N,14057.3248,E,21.3,A,0.8,1*6F
$BMRDD,102,2012-03-29T08:03:14Z,59,5,3462,A,3738.2746,N,14057.3248,E,21.3,A,1.0,1*64
$BMRDD,102,2012-03-29T08:03:19Z,58,5,3467,A,3738.2746,N,14057.3248,E,21.2,A,1.0,1*6C
$BMRDD,102,2012-03-29T08:03:24Z,58,4,3471,A,3738.2746,N,14057.3248,E,21.1,A,1.0,1*67
$BMRDD,102,2012-03-29T08:03:29Z,59,7,3478,A,3738.2746,N,14057.3248,E,21.2,A,1.0,1*62
$BMRDD,102,2012-03-29T08:03:34Z,60,3,3481,A,3738.2746,N,14057.3248,E,21.3,A,0.8,1*6E
$BMRDD,102,2012-03-29T08:03:39Z,62,9,3490,A,3738.2746,N,14057.3248,E,21.5,A,0.9,1*6C
$BMRDD,102,2012-03-29T08:03:44Z,62,6,3496,A,3738.2746,N,14057.3248,E,21.6,A,0.8,1*6D
$BMRDD,102,2012-03-29T08:03:49Z,63,8,3504,A,3738.2746,N,14057.3248,E,21.6,A,0.8,1*65
$BMRDD,102,2012-03-29T08:03:54Z,65,5,3509,A,3738.2746,N,14057.3248,E,21.6,A,1.0,1*66
$BMRDD,102,2012-03-29T08:03:59Z,63,5,3514,A,3738.2746,N,14057.3248,E,21.8,A,1.0,1*6F
$BMRDD,102,2012-03-29T08:04:04Z,71,11,3525,A,3738.2746,N,14057.3248,E,22.0,A,1.0,1*5F
$BMRDD,102,2012-03-29T08:04:09Z,73,5,3530,A,3738.2746,N,14057.3248,E,22.1,A,0.8,1*69
$BMRDD,102,2012-03-29T08:04:14Z,74,6,3536,A,3738.2746,N,14057.3248,E,22.3,A,0.8,1*65
$BMRDD,102,2012-03-29T08:04:19Z,75,6,3542,A,3738.2746,N,14057.3248,E,22.4,A,1.1,1*65
$BMRDD,102,2012-03-29T08:04:24Z,80,9,3551,A,3738.2746,N,14057.3248,E,22.4,A,0.8,1*64
$BMRDD,102,2012-03-29T08:04:29Z,77,4,3555,A,3738.2746,N,14057.3248,E,22.3,A,0.8,1*6F
$BMRDD,102,2012-03-29T08:04:34Z,81,7,3562,A,3738.2746,N,14057.3248,E,22.3,A,0.8,1*6D
$BMRDD,102,2012-03-29T08:04:39Z,75,3,3565,A,3738.2746,N,14057.3248,E,22.4,A,1.1,1*67
$BMRDD,102,2012-03-29T08:04:44Z,76,7,3572,A,3738.2746,N,14057.3248,E,22.4,A,0.8,1*64
$BMRDD,102,2012-03-29T08:04:49Z,75,7,3579,A,3738.2746,N,14057.3248,E,22.4,A,0.8,1*61
$BMRDD,102,2012-03-29T08:04:54Z,73,3,3582,A,3738.2746,N,14057.3248,E,22.3,A,0.8,1*6C
$BMRDD,102,2012-03-29T08:04:59Z,72,4,3586,A,3738.2746,N,14057.3248,E,22.3,A,0.8,1*63
$BMRDD,102,2012-03-29T08:05:04Z,67,6,3592,A,3738.2746,N,14057.3248,E,22.4,A,0.8,1*6E
$BMRDD,102,2012-03-29T08:05:09Z,68,6,3598,A,3738.2746,N,14057.3248,E,22.5,A,0.8,1*67
$BMRDD,102,2012-03-29T08:05:14Z,64,2,3600,A,3738.2746,N,14057.3248,E,22.5,A,1.0,1*68
$BMRDD,102,2012-03-29T08:05:19Z,66,8,3608,A,3738.2746,N,14057.3248,E,22.6,A,1.0,1*66
$BMRDD,102,2012-03-29T08:05:24Z,63,6,3614,A,3738.2746,N,14057.3248,E,22.6,A,1.1,1*6F
$BMRDD,102,2012-03-29T08:05:29Z,64,5,3619,A,3738.2746,N,14057.3248,E,22.6,A,1.1,1*6B
$BMRDD,102,2012-03-29T08:05:34Z,65,8,3627,A,3738.2746,N,14057.3248,E,22.5,A,0.9,1*6C
$BMRDD,102,2012-03-29T08:05:39Z,67,5,3632,A,3738.2746,N,14057.3248,E,22.4,A,0.9,1*6B
$BMRDD,102,2012-03-29T08:05:44Z,61,1,3633,A,3738.2746,N,14057.3248,E,22.4,A,0.9,1*62
$BMRDD,102,2012-03-29T08:05:49Z,54,0,3633,A,3738.2746,N,14057.3248,E,22.3,A,0.9,1*6F
$BMRDD,102,2012-03-29T08:05:54Z,57,6,3639,A,3738.2746,N,14057.3248,E,22.3,A,0.9,1*6C
$BMRDD,102,2012-03-29T08:05:59Z,59,6,3645,A,3738.2746,N,14057.3248,E,22.3,A,0.9,1*64
$BMRDD,102,2012-03-29T08:06:04Z,58,5,3650,A,3738.2746,N,14057.3248,E,22.4,A,0.9,1*6E
$BMRDD,102,2012-03-29T08:06:09Z,56,4,3654,A,3738.2746,N,14057.3248,E,22.4,A,0.9,1*68
$BMRDD,102,2012-03-29T08:06:14Z,59,5,3659,A,3738.2746,N,14057.3248,E,22.4,A,0.9,1*67
$BMRDD,102,2012-03-29T08:06:19Z,57,6,3665,A,3738.2746,N,14057.3248,E,22.4,A,0.8,1*69
$BMRDD,102,2012-03-29T08:06:24Z,60,9,3674,A,3738.2746,N,14057.3248,E,22.4,A,0.8,1*6C
$BMRDD,102,2012-03-29T08:06:29Z,65,10,3684,A,3738.2746,N,14057.3248,E,22.5,A,0.8,1*52
$BMRDD,102,2012-03-29T08:06:34Z,59,2,3686,A,3738.2746,N,14057.3248,E,22.6,A,0.9,1*62
$BMRDD,102,2012-03-29T08:06:39Z,63,9,3695,A,3738.2746,N,14057.3248,E,22.6,A,0.9,1*6F
$BMRDD,102,2012-03-29T08:06:44Z,69,7,3702,A,3738.2746,N,14057.3248,E,22.6,A,0.8,1*6F
$BMRDD,102,2012-03-29T08:06:49Z,75,6,3708,A,3738.2746,N,14057.3248,E,22.6,A,0.8,1*64
$BMRDD,102,2012-03-29T08:06:54Z,75,6,3714,A,3738.2746,N,14057.3248,E,22.6,A,0.8,1*65
$BMRDD,102,2012-03-29T08:06:59Z,72,3,3717,A,3738.2746,N,14057.3248,E,22.7,A,1.0,1*61
$BMRDD,102,2012-03-29T08:07:04Z,71,4,3721,A,3738.2746,N,14057.3248,E,22.8,A,1.0,1*66
$BMRDD,102,2012-03-29T08:07:09Z,73,6,3727,A,3738.2746,N,14057.3248,E,22.8,A,1.0,1*6D
$BMRDD,102,2012-03-29T08:07:14Z,73,5,3732,A,3738.2746,N,14057.3248,E,22.7,A,1.0,1*69
$BMRDD,102,2012-03-29T08:07:19Z,70,3,3735,A,3738.2746,N,14057.3248,E,22.8,A,0.9,1*61
$BMRDD,102,2012-03-29T08:07:24Z,64,3,3738,A,3738.2746,N,14057.3248,E,22.8,A,0.9,1*67
$BMRDD,102,2012-03-29T08:07:29Z,62,8,3746,A,3738.2746,N,14057.3248,E,22.8,A,0.8,1*6F
$BMRDD,102,2012-03-29T08:07:34Z,70,10,3756,A,3738.2746,N,14057.3248,E,22.7,A,0.8,1*57
$BMRDD,102,2012-03-29T08:07:39Z,63,2,3758,A,3738.2746,N,14057.3248,E,22.8,A,0.8,1*6A
$BMRDD,102,2012-03-29T08:07:44Z,62,6,3764,A,3738.2746,N,14057.3248,E,22.9,A,0.8,1*6B
$BMRDD,102,2012-03-29T08:07:49Z,61,5,3769,A,3738.2746,N,14057.3248,E,22.9,A,0.9,1*6A
$BMRDD,102,2012-03-29T08:07:54Z,59,4,3773,A,3738.2746,N,14057.3248,E,23.0,A,1.0,1*67
$BMRDD,102,2012-03-29T08:07:59Z,61,5,3778,A,3738.2746,N,14057.3248,E,22.9,A,0.9,1*6B
$BMRDD,102,2012-03-29T08:08:04Z,64,7,3785,A,3738.2746,N,14057.3248,E,22.6,A,1.0,1*6E
$BMRDD,102,2012-03-29T08:08:09Z,65,7,3792,A,3738.2746,N,14057.3248,E,22.4,A,1.0,1*66
$BMRDD,102,2012-03-29T08:08:14Z,68,8,3800,A,3738.2746,N,14057.3248,E,22.4,A,0.9,1*64
$BMRDD,102,2012-03-29T08:08:19Z,73,8,3808,A,3738.2746,N,14057.3248,E,22.5,A,0.9,1*6A
$BMRDD,102,2012-03-29T08:08:24Z,78,8,3816,A,3738.2746,N,14057.3248,E,22.5,A,0.9,1*60
$BMRDD,102,2012-03-29T08:08:29Z,78,8,3824,A,3738.2746,N,14057.3248,E,22.5,A,0.9,1*6C
$BMRDD,102,2012-03-29T08:08:34Z,76,8,3832,A,3738.2746,N,14057.3248,E,22.5,A,0.9,1*69
$BMRDD,102,2012-03-29T08:08:39Z,84,10,3842,A,3738.2746,N,14057.3248,E,22.5,A,0.9,1*57
$BMRDD,102,2012-03-29T08:08:44Z,85,7,3849,A,3738.2746,N,14057.3248,E,22.6,A,0.9,1*62
$BMRDD,102,2012-03-29T08:08:49Z,85,5,3854,A,3738.2746,N,14057.3248,E,22.8,A,1.0,1*67
$BMRDD,102,2012-03-29T08:08:54Z,87,6,3860,A,3738.2746,N,14057.3248,E,22.9,A,1.0,1*6C
$BMRDD,102,2012-03-29T08:08:59Z,87,5,3865,A,3738.2746,N,14057.3248,E,22.9,A,1.3,1*64
$BMRDD,102,2012-03-29T08:09:04Z,86,6,3871,A,3738.2746,N,14057.3248,E,22.8,A,0.9,1*60
$BMRDD,102,2012-03-29T08:09:09Z,80,1,3872,A,3738.2746,N,14057.3248,E,22.8,A,0.9,1*6F
$BMRDD,102,2012-03-29T08:09:14Z,77,5,3877,A,3738.2746,N,14057.3248,E,22.9,A,0.9,1*6B
$BMRDD,102,2012-03-29T08:09:19Z,72,3,3880,A,3738.2746,N,14057.3248,E,22.9,A,0.9,1*6D
$BMRDD,102,2012-03-29T08:09:24Z,70,6,3886,A,3738.2746,N,14057.3248,E,23.0,A,0.9,1*6A
$BMRDD,102,2012-03-29T08:09:29Z,65,3,3889,A,3738.2746,N,14057.3248,E,23.1,A,0.9,1*68
$BMRDD,102,2012-03-29T08:09:34Z,63,6,3895,A,3738.2746,N,14057.3248,E,23.1,A,1.0,1*62
$BMRDD,102,2012-03-29T08:09:39Z,61,8,3903,A,3738.2746,N,14057.3248,E,23.1,A,0.9,1*65
$BMRDD,102,2012-03-29T08:09:44Z,59,5,3908,A,3738.2746,N,14057.3248,E,23.2,A,0.9,1*61
$BMRDD,102,2012-03-29T08:09:49Z,57,3,3911,A,3738.2746,N,14057.3248,E,23.2,A,0.9,1*6C
$BMRDD,102,2012-03-29T08:09:54Z,59,8,3919,A,3738.2746,N,14057.3248,E,23.2,A,0.9,1*6D
$BMRDD,102,2012-03-29T08:09:59Z,57,3,3922,A,3738.2746,N,14057.3248,E,23.3,A,0.9,1*6C
$BMRDD,102,2012-03-29T08:10:04Z,56,5,3927,A,3738.2746,N,14057.3248,E,23.4,A,0.9,1*69
$BMRDD,102,2012-03-29T08:10:09Z,56,1,3928,A,3738.2746,N,14057.3248,E,23.5,A,0.9,1*6E
$BMRDD,102,2012-03-29T08:10:14Z,58,7,3935,A,3738.2746,N,14057.3248,E,23.6,A,0.9,1*65
$BMRDD,102,2012-03-29T08:10:19Z,61,6,3941,A,3738.2746,N,14057.3248,E,23.9,A,1.0,1*67
$BMRDD,102,2012-03-29T08:10:24Z,64,9,3950,A,3738.2746,N,14057.3248,E,23.9,A,0.9,1*6B
$BMRDD,102,2012-03-29T08:10:29Z,64,3,3953,A,3738.2746,N,14057.3248,E,23.9,A,0.9,1*6F
$BMRDD,102,2012-03-29T08:10:34Z,69,11,3964,A,3738.2746,N,14057.3248,E,23.9,A,0.9,1*59
$BMRDD,102,2012-03-29T08:10:39Z,66,5,3969,A,3738.2746,N,14057.3248,E,24.0,A,0.9,1*6D
$BMRDD,102,2012-03-29T08:10:44Z,67,6,3975,A,3738.2746,N,14057.3248,E,23.9,A,0.9,1*66
$BMRDD,102,2012-03-29T08:10:49Z,69,5,3980,A,3738.2746,N,14057.3248,E,23.9,A,0.9,1*6C
$BMRDD,102,2012-03-29T08:10:54Z,70,9,3989,A,3738.2746,N,14057.3248,E,24.0,A,0.9,1*63
$BMRDD,102,2012-03-29T08:10:59Z,74,7,3996,A,3738.2746,N,14057.3248,E,23.9,A,0.9,1*64
$BMRDD,102,2012-03-29T08:11:04Z,72,3,3999,A,3738.2746,N,14057.3248,E,24.0,A,0.9,1*6E
$BMRDD,102,2012-03-29T08:11:09Z,79,8,4007,A,3738.2746,N,14057.3248,E,24.1,A,0.9,1*6B
$BMRDD,102,2012-03-29T08:11:14Z,79,7,4014,A,3738.2746,N,14057.3248,E,24.2,A,0.9,1*69
$BMRDD,102,2012-03-29T08:11:19Z,78,5,4019,A,3738.2746,N,14057.3248,E,24.3,A,0.9,1*6B
$BMRDD,102,2012-03-29T08:11:24Z,73,4,4023,A,3738.2746,N,14057.3248,E,24.5,A,0.9,1*60
$BMRDD,102,2012-03-29T08:11:29Z,71,1,4024,A,3738.2746,N,14057.3248,E,24.7,A,0.9,1*6F
$BMRDD,102,2012-03-29T08:11:34Z,63,3,4027,A,3738.2746,N,14057.3248,E,24.8,A,0.9,1*6E
$BMRDD,102,2012-03-29T08:11:39Z,67,9,4036,A,3738.2746,N,14057.3248,E,24.8,A,0.9,1*6D
$BMRDD,102,2012-03-29T08:11:44Z,62,1,4037,A,3738.2746,N,14057.3248,E,25.0,A,0.9,1*62
$BMRDD,102,2012-03-29T08:11:49Z,63,6,4043,A,3738.2746,N,14057.3248,E,25.1,A,0.9,1*6B
$BMRDD,102,2012-03-29T08:11:54Z,59,5,4048,A,3738.2746,N,14057.3248,E,25.1,A,0.9,1*66
$BMRDD,102,2012-03-29T08:11:59Z,54,2,4050,A,3738.2746,N,14057.3248,E,25.2,A,0.9,1*6B
$BMRDD,102,2012-03-29T08:12:04Z,59,8,4058,A,3738.2746,N,14057.3248,E,25.4,A,0.9,1*69
$BMRDD,102,2012-03-29T08:12:09Z,55,4,4062,A,3738.2746,N,14057.3248,E,25.6,A,0.9,1*6F
$BMRDD,102,2012-03-29T08:12:14Z,52,4,4066,A,3738.2746,N,14057.3248,E,25.6,A,0.9,1*60
$BMRDD,102,2012-03-29T08:12:19Z,54,7,4073,A,3738.2746,N,14057.3248,E,25.8,A,0.9,1*62
$BMRDD,102,2012-03-29T08:12:24Z,56,6,4079,A,3738.2746,N,14057.3248,E,25.9,A,0.9,1*64
$BMRDD,102,2012-03-29T08:12:29Z,62,7,4086,A,3738.2746,N,14057.3248,E,26.0,A,0.9,1*65
$BMRDD,102,2012-03-29T08:12:34Z,64,5,4091,A,3738.2746,N,14057.3248,E,25.9,A,0.9,1*61
$BMRDD,102,2012-03-29T08:12:39Z,62,7,4098,A,3738.2746,N,14057.3248,E,26.0,A,0.9,1*6B
$BMRDD,102,2012-03-29T08:12:44Z,68,7,4105,A,3738.2746,N,14057.3248,E,26.1,A,0.9,1*6F
$BMRDD,102,2012-03-29T08:12:49Z,66,4,4109,A,3738.2746,N,14057.3248,E,26.1,A,0.9,1*63
$BMRDD,102,2012-03-29T08:12:54Z,65,4,4113,A,3738.2746,N,14057.3248,E,26.1,A,0.9,1*67
$BMRDD,102,2012-03-29T08:12:59Z,65,2,4115,A,3738.2746,N,14057.3248,E,26.2,A,0.9,1*69
$BMRDD,102,2012-03-29T08:13:04Z,61,4,4119,A,3738.2746,N,14057.3248,E,26.3,A,0.9,1*6F
$BMRDD,102,2012-03-29T08:13:09Z,60,3,4122,A,3738.2746,N,14057.3248,E,26.5,A,0.9,1*6A
$BMRDD,102,2012-03-29T08:13:14Z,59,3,4125,A,3738.2746,N,14057.3248,E,26.5,A,0.9,1*6B
$BMRDD,102,2012-03-29T08:13:19Z,55,3,4128,A,3738.2746,N,14057.3248,E,26.6,A,0.9,1*64
$BMRDD,102,2012-03-29T08:13:24Z,55,6,4134,A,3738.2746,N,14057.3248,E,26.6,A,0.9,1*62
$BMRDD,102,2012-03-29T08:13:29Z,51,3,4137,A,3738.2746,N,14057.3248,E,26.6,A,0.9,1*6D
$BMRDD,102,2012-03-29T08:13:34Z,59,13,4150,A,3738.2746,N,14057.3248,E,26.8,A,0.9,1*57
$BMRDD,102,2012-03-29T08:13:39Z,56,4,4154,A,3738.2746,N,14057.3248,E,26.8,A,0.9,1*67
$BMRDD,102,2012-03-29T08:13:44Z,52,3,4157,A,3738.2746,N,14057.3248,E,26.8,A,0.9,1*6D
$BMRDD,102,2012-03-29T08:13:49Z,55,7,4164,A,3738.2746,N,14057.3248,E,26.8,A,0.9,1*63
$BMRDD,102,2012-03-29T08:13:54Z,61,10,4174,A,3738.2746,N,14057.3248,E,26.9,A,0.9,1*5E
$BMRDD,102,2012-03-29T08:13:59Z,65,6,4180,A,3738.2746,N,14057.3248,E,26.9,A,0.9,1*6B
$BMRDD,102,2012-03-29T08:14:04Z,68,7,4187,A,3738.2746,N,14057.3248,E,27.0,A,0.9,1*67
$BMRDD,102,2012-03-29T08:14:09Z,71,6,4193,A,3738.2746,N,14057.3248,E,27.0,A,0.9,1*66
$BMRDD,102,2012-03-29T08:14:14Z,75,7,4200,A,3738.2746,N,14057.3248,E,27.0,A,0.9,1*66
$BMRDD,102,2012-03-29T08:14:19Z,75,3,4203,A,3738.2746,N,14057.3248,E,27.1,A,0.9,1*6D
$BMRDD,102,2012-03-29T08:14:24Z,74,5,4208,A,3738.2746,N,14057.3248,E,27.1,A,0.9,1*6F
$BMRDD,102,2012-03-29T08:14:29Z,77,6,4214,A,3738.2746,N,14057.3248,E,27.1,A,0.9,1*6F
$BMRDD,102,2012-03-29T08:14:34Z,69,5,4219,A,3738.2746,N,14057.3248,E,27.1,A,0.9,1*62
$BMRDD,102,2012-03-29T08:14:39Z,70,5,4224,A,3738.2746,N,14057.3248,E,27.3,A,0.9,1*6B
$BMRDD,102,2012-03-29T08:14:44Z,73,6,4230,A,3738.2746,N,14057.3248,E,27.3,A,0.9,1*64
$BMRDD,102,2012-03-29T08:14:49Z,70,4,4234,A,3738.2746,N,14057.3248,E,27.4,A,0.9,1*6B
$BMRDD,102,2012-03-29T08:14:54Z,67,7,4241,A,3738.2746,N,14057.3248,E,27.5,A,1.0,1*69
$BMRDD,102,2012-03-29T08:14:59Z,70,9,4250,A,3738.2746,N,14057.3248,E,27.5,A,0.9,1*64
$BMRDD,102,2012-03-29T08:15:04Z,67,4,4254,A,3738.2746,N,14057.3248,E,27.5,A,0.9,1*62
$BMRDD,102,2012-03-29T08:15:09Z,69,8,4262,A,3738.2746,N,14057.3248,E,27.7,A,0.9,1*6A
$BMRDD,102,2012-03-29T08:15:14Z,67,5,4267,A,3738.2746,N,14057.3248,E,27.9,A,0.9,1*6E
$BMRDD,102,2012-03-29T08:15:19Z,68,4,4271,A,3738.2746,N,14057.3248,E,28.1,A,0.9,1*6D
$BMRDD,102,2012-03-29T08:15:24Z,70,7,4278,A,3738.2746,N,14057.3248,E,28.3,A,0.9,1*62
$BMRDD,102,2012-03-29T08:15:29Z,68,4,4282,A,3738.2746,N,14057.3248,E,28.4,A,0.9,1*67
$BMRDD,102,2012-03-29T08:15:34Z,69,6,4288,A,3738.2746,N,14057.3248,E,28.7,A,0.9,1*61
$BMRDD,102,2012-03-29T08:15:39Z,69,5,4293,A,3738.2746,N,14057.3248,E,29.3,A,0.9,1*60
$BMRDD,102,2012-03-29T08:15:44Z,68,5,4298,A,3738.2746,N,14057.3248,E,29.4,A,0.9,1*67
$BMRDD,102,2012-03-29T08:15:49Z,74,10,4308,A,3738.2746,N,14057.3248,E,29.4,A,0.9,1*5B
$BMRDD,102,2012-03-29T08:15:54Z,75,8,4316,A,3738.2746,N,14057.3248,E,30.2,A,0.9,1*6E
$BMRDD,102,2012-03-29T08:15:59Z,73,7,4323,A,3738.2746,N,14057.3248,E,31.0,A,0.9,1*6F
$BMRDD,102,2012-03-29T08:16:04Z,76,7,4330,A,3738.2746,N,14057.3248,E,31.2,A,0.9,1*61
$BMRDD,102,2012-03-29T08:16:09Z,72,4,4334,A,3738.2746,N,14057.3248,E,31.4,A,1.0,1*61
$BMRDD,102,2012-03-29T08:16:14Z,75,8,4342,A,3738.2746,N,14057.3248,E,31.6,A,0.9,1*6D
$BMRDD,102,2012-03-29T08:16:19Z,76,5,4347,A,3738.2746,N,14057.3248,E,31.7,A,0.9,1*6A
$BMRDD,102,2012-03-29T08:16:24Z,72,3,4350,A,3738.2746,N,14057.3248,E,31.9,A,0.9,1*6E
$BMRDD,102,2012-03-29T08:16:29Z,77,9,4359,A,3738.2746,N,14057.3248,E,31.8,A,0.9,1*64
$BMRDD,102,2012-03-29T08:16:34Z,77,6,4365,A,3738.2746,N,14057.3248,E,31.9,A,0.9,1*69
$BMRDD,102,2012-03-29T08:16:39Z,76,4,4369,A,3738.2746,N,14057.3248,E,31.9,A,0.9,1*6B
$BMRDD,102,2012-03-29T08:16:44Z,73,2,4371,A,3738.2746,N,14057.3248,E,32.0,A,0.9,1*61
$BMRDD,102,2012-03-29T08:16:49Z,65,2,4373,A,3738.2746,N,14057.3248,E,32.1,A,0.9,1*68
$BMRDD,102,2012-03-29T08:16:54Z,58,1,4374,A,3738.2746,N,14057.3248,E,32.1,A,0.9,1*6E
$BMRDD,102,2012-03-29T08:16:59Z,56,5,4379,A,3738.2746,N,14057.3248,E,32.1,A,0.9,1*64
$BMRDD,102,2012-03-29T08:17:04Z,55,6,4385,A,3738.2746,N,14057.3248,E,32.2,A,0.9,1*6D
$BMRDD,102,2012-03-29T08:17:09Z,53,2,4387,A,3738.2746,N,14057.3248,E,32.2,A,0.9,1*60
$BMRDD,102,2012-03-29T08:17:14Z,49,4,4391,A,3738.2746,N,14057.3248,E,32.4,A,0.9,1*60
$BMRDD,102,2012-03-29T08:17:19Z,47,3,4394,A,3738.2746,N,14057.3248,E,32.5,A,0.9,1*60
$BMRDD,102,2012-03-29T08:17:24Z,46,2,4396,A,3738.2746,N,14057.3248,E,33.4,A,0.9,1*6C
$BMRDD,102,2012-03-29T08:17:29Z,41,4,4400,A,3738.2746,N,14057.3248,E,33.9,A,0.9,1*65
$BMRDD,102,2012-03-29T08:17:34Z,44,9,4409,A,3738.2746,N,14057.3248,E,34.0,A,0.9,1*66
$BMRDD,102,2012-03-29T08:17:39Z,44,4,4413,A,3738.2746,N,14057.3248,E,34.1,A,0.9,1*6C
$BMRDD,102,2012-03-29T08:17:44Z,46,4,4417,A,3738.2746,N,14057.3248,E,34.4,A,0.9,1*65
$BMRDD,102,2012-03-29T08:17:49Z,49,5,4422,A,3738.2746,N,14057.3248,E,34.5,A,0.9,1*61
$BMRDD,102,2012-03-29T08:17:54Z,57,9,4431,A,3738.2746,N,14057.3248,E,34.5,A,0.9,1*6C
$BMRDD,102,2012-03-29T08:17:59Z,53,1,4432,A,3738.2746,N,14057.3248,E,34.6,A,0.9,1*6D
$BMRDD,102,2012-03-29T08:18:04Z,54,7,4439,A,3738.2746,N,14057.3248,E,34.9,A,0.9,1*6F
$BMRDD,102,2012-03-29T08:18:09Z,59,7,4446,A,3738.2746,N,14057.3248,E,35.0,A,0.9,1*6F
$BMRDD,102,2012-03-29T08:18:14Z,59,4,4450,A,3738.2746,N,14057.3248,E,35.0,A,0.9,1*67
$BMRDD,102,2012-03-29T08:18:19Z,61,5,4455,A,3738.2746,N,14057.3248,E,35.0,A,0.9,1*65
$BMRDD,102,2012-03-29T08:18:24Z,65,6,4461,A,3738.2746,N,14057.3248,E,35.1,A,0.9,1*6A
$BMRDD,102,2012-03-29T08:18:29Z,66,5,4466,A,3738.2746,N,14057.3248,E,35.1,A,0.9,1*60
$BMRDD,102,2012-03-29T08:18:34Z,63,6,4472,A,3738.2746,N,14057.3248,E,35.6,A,0.9,1*68
$BMRDD,102,2012-03-29T08:18:39Z,66,7,4479,A,3738.2746,N,14057.3248,E,35.9,A,0.9,1*65
$BMRDD,102,2012-03-29T08:18:44Z,68,6,4485,A,3738.2746,N,14057.3248,E,36.4,A,1.0,1*65
$BMRDD,102,2012-03-29T08:18:49Z,69,6,4491,A,3738.2746,N,14057.3248,E,37.0,A,1.0,1*69
$BMRDD,102,2012-03-29T08:18:54Z,62,2,4493,A,3738.2746,N,14057.3248,E,37.6,A,0.9,1*66
$BMRDD,102,2012-03-29T08:18:59Z,67,6,4499,A,3738.2746,N,14057.3248,E,38.1,A,0.9,1*68
$BMRDD,102,2012-03-29T08:19:04Z,63,3,4502,A,3738.2746,N,14057.3248,E,38.7,A,0.9,1*65
$BMRDD,102,2012-03-29T08:19:09Z,62,6,4508,A,3738.2746,N,14057.3248,E,39.1,A,0.9,1*61
$BMRDD,102,2012-03-29T08:19:14Z,61,3,4511,A,3738.2746,N,14057.3248,E,39.0,A,0.9,1*62
$BMRDD,102,2012-03-29T08:19:19Z,65,9,4520,A,3738.2746,N,14057.3248,E,38.9,A,0.9,1*6B
$BMRDD,102,2012-03-29T08:19:24Z,62,3,4523,A,3738.2746,N,14057.3248,E,39.0,A,0.9,1*63
$BMRDD,102,2012-03-29T08:19:29Z,63,6,4529,A,3738.2746,N,14057.3248,E,39.1,A,0.9,1*61
$BMRDD,102,2012-03-29T08:19:34Z,67,10,4539,A,3738.2746,N,14057.3248,E,39.2,A,0.9,1*5C
$BMRDD,102,2012-03-29T08:19:39Z,63,3,4542,A,3738.2746,N,14057.3248,E,39.6,A,0.9,1*6F
$BMRDD,102,2012-03-29T08:19:44Z,60,3,4545,A,3738.2746,N,14057.3248,E,39.6,A,0.9,1*61
$BMRDD,102,2012-03-29T08:19:49Z,59,5,4550,A,3738.2746,N,14057.3248,E,39.6,A,0.9,1*64
$BMRDD,102,2012-03-29T08:19:54Z,59,2,4552,A,3738.2746,N,14057.3248,E,39.6,A,0.9,1*6D
$BMRDD,102,2012-03-29T08:19:59Z,58,5,4557,A,3738.2746,N,14057.3248,E,39.6,A,0.9,1*63
$BMRDD,102,2012-03-29T08:20:04Z,61,6,4563,A,3738.2746,N,14057.3248,E,39.8,A,0.9,1*61
$BMRDD,102,2012-03-29T08:20:09Z,58,3,4566,A,3738.2746,N,14057.3248,E,40.0,A,0.9,1*60
$BMRDD,102,2012-03-29T08:20:14Z,61,6,4572,A,3738.2746,N,14057.3248,E,40.1,A,0.9,1*67
$BMRDD,102,2012-03-29T08:20:19Z,58,6,4578,A,3738.2746,N,14057.3248,E,40.4,A,0.9,1*6F
$BMRDD,102,2012-03-29T08:20:24Z,61,6,4584,A,3738.2746,N,14057.3248,E,40.5,A,0.9,1*69
$BMRDD,102,2012-03-29T08:20:29Z,58,3,4587,A,3738.2746,N,14057.3248,E,40.6,A,0.9,1*6B
$BMRDD,102,2012-03-29T08:20:34Z,53,5,4592,A,3738.2746,N,14057.3248,E,40.8,A,0.9,1*60
$BMRDD,102,2012-03-29T08:20:39Z,54,4,4596,A,3738.2746,N,14057.3248,E,40.7,A,0.9,1*60
$BMRDD,102,2012-03-29T08:20:44Z,57,6,4602,A,3738.2746,N,14057.3248,E,40.3,A,0.9,1*61
$BMRDD,102,2012-03-29T08:20:49Z,58,6,4608,A,3738.2746,N,14057.3248,E,40.2,A,0.9,1*68
$BMRDD,102,2012-03-29T08:20:54Z,62,6,4614,A,3738.2746,N,14057.3248,E,39.9,A,0.9,1*65
$BMRDD,102,2012-03-29T08:20:59Z,63,6,4620,A,3738.2746,N,14057.3248,E,40.0,A,0.9,1*69
$BMRDD,102,2012-03-29T08:21:04Z,61,4,4624,A,3738.2746,N,14057.3248,E,40.1,A,0.9,1*65
$BMRDD,102,2012-03-29T08:21:09Z,65,7,4631,A,3738.2746,N,14057.3248,E,40.2,A,0.9,1*68
$BMRDD,102,2012-03-29T08:21:14Z,65,6,4637,A,3738.2746,N,14057.3248,E,40.4,A,0.9,1*65
$BMRDD,102,2012-03-29T08:21:19Z,62,3,4640,A,3738.2746,N,14057.3248,E,40.5,A,0.9,1*6B
$BMRDD,102,2012-03-29T08:21:24Z,62,6,4646,A,3738.2746,N,14057.3248,E,40.5,A,0.9,1*66
$BMRDD,102,2012-03-29T08:21:29Z,67,8,4654,A,3738.2746,N,14057.3248,E,40.4,A,0.9,1*62
$BMRDD,102,2012-03-29T08:21:34Z,65,3,4657,A,3738.2746,N,14057.3248,E,40.4,A,0.9,1*64
$BMRDD,102,2012-03-29T08:21:39Z,64,3,4660,A,3738.2746,N,14057.3248,E,40.5,A,0.9,1*6D
$BMRDD,102,2012-03-29T08:21:44Z,63,5,4665,A,3738.2746,N,14057.3248,E,40.7,A,0.9,1*61
$BMRDD,102,2012-03-29T08:21:49Z,66,9,4674,A,3738.2746,N,14057.3248,E,40.9,A,0.9,1*6B
$BMRDD,102,2012-03-29T08:21:54Z,65,5,4679,A,3738.2746,N,14057.3248,E,41.1,A,0.9,1*6C
$BMRDD,102,2012-03-29T08:21:59Z,61,2,4681,A,3738.2746,N,14057.3248,E,41.2,A,0.9,1*66
$BMRDD,102,2012-03-29T08:22:04Z,62,5,4686,A,3738.2746,N,14057.3248,E,41.1,A,0.9,1*6D
$BMRDD,102,2012-03-29T08:22:09Z,63,8,4694,A,3738.2746,N,14057.3248,E,41.2,A,1.0,1*64
$BMRDD,102,2012-03-29T08:22:14Z,65,8,4702,A,3738.2746,N,14057.3248,E,41.1,A,1.0,1*63
$BMRDD,102,2012-03-29T08:22:19Z,65,3,4705,A,3738.2746,N,14057.3248,E,41.0,A,1.0,1*63
$BMRDD,102,2012-03-29T08:22:24Z,65,6,4711,A,3738.2746,N,14057.3248,E,40.9,A,1.0,1*65
$BMRDD,102,2012-03-29T08:22:29Z,63,6,4717,A,3738.2746,N,14057.3248,E,40.8,A,1.1,1*68
$BMRDD,102,2012-03-29T08:22:34Z,63,3,4720,A,3738.2746,N,14057.3248,E,40.6,A,1.0,1*6A
$BMRDD,102,2012-03-29T08:22:39Z,64,4,4724,A,3738.2746,N,14057.3248,E,40.3,A,1.1,1*67
$BMRDD,102,2012-03-29T08:22:44Z,63,4,4728,A,3738.2746,N,14057.3248,E,40.1,A,1.0,1*65
$BMRDD,102,2012-03-29T08:22:49Z,59,5,4733,A,3738.2746,N,14057.3248,E,40.0,A,1.0,1*6B
$BMRDD,102,2012-03-29T08:22:54Z,59,5,4738,A,3738.2746,N,14057.3248,E,39.9,A,1.0,1*6B
$BMRDD,102,2012-03-29T08:22:59Z,60,3,4741,A,3738.2746,N,14057.3248,E,39.9,A,1.0,1*64
$BMRDD,102,2012-03-29T08:23:04Z,58,3,4744,A,3738.2746,N,14057.3248,E,39.8,A,1.0,1*62
$BMRDD,102,2012-03-29T08:23:09Z,53,3,4747,A,3738.2746,N,14057.3248,E,39.8,A,1.1,1*66
$BMRDD,102,2012-03-29T08:23:14Z,51,6,4753,A,3738.2746,N,14057.3248,E,39.7,A,1.0,1*66
$BMRDD,102,2012-03-29T08:23:19Z,53,5,4758,A,3738.2746,N,14057.3248,E,39.6,A,1.0,1*60
$BMRDD,102,2012-03-29T08:23:24Z,50,3,4761,A,3738.2746,N,14057.3248,E,39.6,A,1.0,1*61
$BMRDD,102,2012-03-29T08:23:29Z,47,3,4764,A,3738.2746,N,14057.3248,E,39.5,A,1.0,1*6C
$BMRDD,102,2012-03-29T08:23:34Z,53,9,4773,A,3738.2746,N,14057.3248,E,39.3,A,1.0,1*6F
$BMRDD,102,2012-03-29T08:23:39Z,52,3,4776,A,3738.2746,N,14057.3248,E,39.3,A,1.0,1*6C
$BMRDD,102,2012-03-29T08:23:44Z,53,5,4781,A,3738.2746,N,14057.3248,E,39.1,A,1.3,1*68
$BMRDD,102,2012-03-29T08:23:49Z,55,7,4788,A,3738.2746,N,14057.3248,E,39.0,A,1.1,1*6B
$BMRDD,102,2012-03-29T08:23:54Z,54,4,4792,A,3738.2746,N,14057.3248,E,39.0,A,1.0,1*6F
$BMRDD,102,2012-03-29T08:23:59Z,58,7,4799,A,3738.2746,N,14057.3248,E,38.9,A,1.0,1*6E
$BMRDD,102,2012-03-29T08:24:04Z,57,2,4801,A,3738.2746,N,14057.3248,E,38.8,A,1.0,1*64
$BMRDD,102,2012-03-29T08:24:09Z,56,2,4803,A,3738.2746,N,14057.3248,E,38.7,A,1.3,1*66
$BMRDD,102,2012-03-29T08:24:14Z,55,5,4808,A,3738.2746,N,14057.3248,E,38.6,A,1.3,1*64
$BMRDD,102,2012-03-29T08:24:19Z,50,0,4808,A,3738.2746,N,14057.3248,E,38.5,A,1.2,1*6B
$BMRDD,102,2012-03-29T08:24:24Z,54,7,4815,A,3738.2746,N,14057.3248,E,38.3,A,1.2,1*6C
$BMRDD,102,2012-03-29T08:24:29Z,56,5,4820,A,3738.2746,N,14057.3248,E,38.3,A,1.2,1*67
$BMRDD,102,2012-03-29T08:24:34Z,51,4,4824,A,3738.2746,N,14057.3248,E,38.3,A,1.2,1*69
$BMRDD,102,2012-03-29T08:24:39Z,55,7,4831,A,3738.2746,N,14057.3248,E,38.2,A,1.2,1*66
$BMRDD,102,2012-03-29T08:24:44Z,53,3,4834,A,3738.2746,N,14057.3248,E,38.1,A,1.0,1*6A
$BMRDD,102,2012-03-29T08:24:49Z,53,7,4841,A,3738.2746,N,14057.3248,E,37.8,A,1.0,1*67
$BMRDD,102,2012-03-29T08:24:54Z,54,5,4846,A,3738.2746,N,14057.3248,E,37.7,A,1.0,1*66
$BMRDD,102,2012-03-29T08:24:59Z,52,5,4851,A,3738.2746,N,14057.3248,E,37.6,A,1.0,1*6A
$BMRDD,102,2012-03-29T08:25:04Z,52,2,4853,A,3738.2746,N,14057.3248,E,37.5,A,1.0,1*65
$BMRDD,102,2012-03-29T08:25:09Z,54,4,4857,A,3738.2746,N,14057.3248,E,37.2,A,1.0,1*6B
$BMRDD,102,2012-03-29T08:25:14Z,54,5,4862,A,3738.2746,N,14057.3248,E,37.1,A,1.0,1*63
$BMRDD,102,2012-03-29T08:25:19Z,57,3,4865,A,3738.2746,N,14057.3248,E,36.9,A,1.0,1*65
$BMRDD,102,2012-03-29T08:25:24Z,57,7,4872,A,3738.2746,N,14057.3248,E,36.7,A,1.0,1*67
$BMRDD,102,2012-03-29T08:25:29Z,61,9,4881,A,3738.2746,N,14057.3248,E,36.6,A,1.0,1*6C
$BMRDD,102,2012-03-29T08:25:34Z,62,5,4886,A,3738.2746,N,14057.3248,E,36.3,A,1.0,1*6D
$BMRDD,102,2012-03-29T08:25:39Z,59,4,4890,A,3738.2746,N,14057.3248,E,36.1,A,1.0,1*6C
$BMRDD,102,2012-03-29T08:25:44Z,61,5,4895,A,3738.2746,N,14057.3248,E,36.1,A,1.0,1*69
$BMRDD,102,2012-03-29T08:25:49Z,59,5,4900,A,3738.2746,N,14057.3248,E,36.0,A,1.0,1*63
$BMRDD,102,2012-03-29T08:25:54Z,58,4,4904,A,3738.2746,N,14057.3248,E,35.7,A,1.0,1*6F
$BMRDD,102,2012-03-29T08:25:59Z,62,9,4913,A,3738.2746,N,14057.3248,E,35.4,A,1.0,1*63
$BMRDD,102,2012-03-29T08:26:04Z,67,7,4920,A,3738.2746,N,14057.3248,E,35.2,A,1.0,1*65
$BMRDD,102,2012-03-29T08:26:09Z,70,7,4927,A,3738.2746,N,14057.3248,E,34.9,A,1.0,1*63
$BMRDD,102,2012-03-29T08:26:14Z,71,6,4933,A,3738.2746,N,14057.3248,E,34.6,A,1.0,1*65
$BMRDD,102,2012-03-29T08:26:19Z,72,4,4937,A,3738.2746,N,14057.3248,E,34.3,A,1.0,1*68
$BMRDD,102,2012-03-29T08:26:24Z,71,6,4943,A,3738.2746,N,14057.3248,E,34.1,A,1.0,1*66
$BMRDD,102,2012-03-29T08:26:29Z,66,4,4947,A,3738.2746,N,14057.3248,E,33.8,A,1.0,1*65
$BMRDD,102,2012-03-29T08:26:34Z,65,4,4951,A,3738.2746,N,14057.3248,E,33.6,A,1.0,1*63
$BMRDD,102,2012-03-29T08:26:39Z,66,5,4956,A,3738.2746,N,14057.3248,E,33.5,A,1.0,1*68
$BMRDD,102,2012-03-29T08:26:44Z,65,4,4960,A,3738.2746,N,14057.3248,E,33.5,A,1.0,1*65
$BMRDD,102,2012-03-29T08:26:49Z,68,8,4968,A,3738.2746,N,14057.3248,E,33.6,A,1.0,1*62
$BMRDD,102,2012-03-29T08:26:54Z,66,2,4970,A,3738.2746,N,14057.3248,E,33.6,A,1.0,1*63
$BMRDD,102,2012-03-29T08:26:59Z,57,0,4970,A,3738.2746,N,14057.3248,E,33.7,A,1.0,1*6F
$BMRDD,102,2012-03-29T08:27:04Z,55,5,4975,A,3738.2746,N,14057.3248,E,33.9,A,1.0,1*6A
$BMRDD,102,2012-03-29T08:27:09Z,56,8,4983,A,3738.2746,N,14057.3248,E,33.8,A,1.0,1*61
$BMRDD,102,2012-03-29T08:27:14Z,54,4,4987,A,3738.2746,N,14057.3248,E,33.7,A,1.0,1*68
$BMRDD,102,2012-03-29T08:27:19Z,54,4,4991,A,3738.2746,N,14057.3248,E,33.6,A,1.0,1*63
$BMRDD,102,2012-03-29T08:27:24Z,52,4,4995,A,3738.2746,N,14057.3248,E,33.5,A,1.0,1*6C
$BMRDD,102,2012-03-29T08:27:29Z,53,5,5000,A,3738.2746,N,14057.3248,E,33.4,A,1.0,1*64
$BMRDD,102,2012-03-29T08:27:34Z,55,6,5006,A,3738.2746,N,14057.3248,E,33.3,A,1.0,1*6C
$BMRDD,102,2012-03-29T08:27:39Z,60,10,5016,A,3738.2746,N,14057.3248,E,33.1,A,1.4,1*57
$BMRDD,102,2012-03-29T08:27:44Z,63,7,5023,A,3738.2746,N,14057.3248,E,33.0,A,1.6,1*6D
$BMRDD,102,2012-03-29T08:27:49Z,61,6,5029,A,3738.2746,N,14057.3248,E,33.0,A,1.4,1*6B
$BMRDD,102,2012-03-29T08:27:54Z,65,6,5035,A,3738.2746,N,14057.3248,E,33.0,A,1.4,1*6E
$BMRDD,102,2012-03-29T08:27:59Z,70,5,5040,A,3738.2746,N,14057.3248,E,33.2,A,1.4,1*64
$BMRDD,102,2012-03-29T08:28:04Z,70,5,5045,A,3738.2746,N,14057.3248,E,33.4,A,1.4,1*60
$BMRDD,102,2012-03-29T08:28:09Z,66,4,5049,A,3738.2746,N,14057.3248,E,33.7,A,1.4,1*64
$BMRDD,102,2012-03-29T08:28:14Z,64,2,5051,A,3738.2746,N,14057.3248,E,33.8,A,1.0,1*6E
$BMRDD,102,2012-03-29T08:28:19Z,64,4,5055,A,3738.2746,N,14057.3248,E,33.7,A,1.0,1*6E
$BMRDD,102,2012-03-29T08:28:24Z,63,3,5058,A,3738.2746,N,14057.3248,E,33.5,A,1.0,1*6F
$BMRDD,102,2012-03-29T08:28:29Z,60,2,5060,A,3738.2746,N,14057.3248,E,33.3,A,1.0,1*6D
$BMRDD,102,2012-03-29T08:28:34Z,59,5,5065,A,3738.2746,N,14057.3248,E,33.0,A,1.0,1*6A
$BMRDD,102,2012-03-29T08:28:39Z,53,4,5069,A,3738.2746,N,14057.3248,E,32.8,A,1.0,1*69
$BMRDD,102,2012-03-29T08:28:44Z,49,3,5072,A,3738.2746,N,14057.3248,E,32.7,A,1.0,1*6A
$BMRDD,102,2012-03-29T08:28:49Z,48,5,5077,A,3738.2746,N,14057.3248,E,32.6,A,1.0,1*64
$BMRDD,102,2012-03-29T08:28:54Z,45,3,5080,A,3738.2746,N,14057.3248,E,32.6,A,1.0,1*6B
$BMRDD,102,2012-03-29T08:28:59Z,45,5,5085,A,3738.2746,N,14057.3248,E,32.5,A,1.0,1*66
$BMRDD,102,2012-03-29T08:29:04Z,43,3,5088,A,3738.2746,N,14057.3248,E,32.5,A,1.0,1*62
$BMRDD,102,2012-03-29T08:29:09Z,44,5,5093,A,3738.2746,N,14057.3248,E,32.5,A,1.0,1*64
$BMRDD,102,2012-03-29T08:29:14Z,45,3,5096,A,3738.2746,N,14057.3248,E,32.2,A,1.0,1*6D
$BMRDD,102,2012-03-29T08:29:19Z,43,2,5098,A,3738.2746,N,14057.3248,E,32.1,A,1.0,1*6A
$BMRDD,102,2012-03-29T08:29:24Z,47,7,5105,A,3738.2746,N,14057.3248,E,32.1,A,1.0,1*60
$BMRDD,102,2012-03-29T08:29:29Z,49,4,5109,A,3738.2746,N,14057.3248,E,32.0,A,1.0,1*6D
$BMRDD,102,2012-03-29T08:29:34Z,47,3,5112,A,3738.2746,N,14057.3248,E,31.8,A,1.0,1*69
$BMRDD,102,2012-03-29T08:29:39Z,46,3,5115,A,3738.2746,N,14057.3248,E,31.8,A,1.0,1*62
$BMRDD,102,2012-03-29T08:29:44Z,54,11,5126,A,3738.2746,N,14057.3248,E,31.6,A,1.0,1*56
$BMRDD,102,2012-03-29T08:29:49Z,56,7,5133,A,3738.2746,N,14057.3248,E,31.4,A,1.0,1*68
$BMRDD,102,2012-03-29T08:29:54Z,57,4,5137,A,3738.2746,N,14057.3248,E,31.3,A,1.0,1*65
$BMRDD,102,2012-03-29T08:29:59Z,58,6,5143,A,3738.2746,N,14057.3248,E,31.2,A,1.0,1*67
$BMRDD,102,2012-03-29T08:30:04Z,61,6,5149,A,3738.2746,N,14057.3248,E,31.0,A,1.0,1*65
$BMRDD,102,2012-03-29T08:30:09Z,61,5,5154,A,3738.2746,N,14057.3248,E,30.8,A,1.0,1*6E
